<?xml version="1.0" encoding="UTF-8"?>
<!-- Generated by org.testng.reporters.JUnitXMLReporter -->
<testsuite hostname="mogano" name="Command line test" tests="176" failures="0" timestamp="31 May 2013 12:43:08 GMT" time="0.738" errors="0">
  <testcase name="buildBoolean" time="0.028" classname="org.identityconnectors.framework.common.objects.AttributeBuilderTests"/>
  <testcase name="nameFromBuilder" time="0.0" classname="org.identityconnectors.framework.common.objects.AttributeBuilderTests"/>
  <testcase name="nullAttribute" time="0.0" classname="org.identityconnectors.framework.common.objects.AttributeBuilderTests"/>
  <testcase name="uidFromBuilderDouble" time="0.0" classname="org.identityconnectors.framework.common.objects.AttributeBuilderTests"/>
  <testcase name="uidFromBuilderInteger" time="0.0" classname="org.identityconnectors.framework.common.objects.AttributeBuilderTests"/>
  <testcase name="uidFromBuilderLong" time="0.001" classname="org.identityconnectors.framework.common.objects.AttributeBuilderTests"/>
  <testcase name="testEqualsObservesLocale" time="0.001" classname="org.identityconnectors.framework.common.objects.AttributeInfoTests"/>
  <testcase name="testHashCodeIndependentOnLocale" time="0.001" classname="org.identityconnectors.framework.common.objects.AttributeInfoTests"/>
  <testcase name="testCurrentPasswordBuild" time="0.0" classname="org.identityconnectors.framework.common.objects.AttributeInfoUtilTests"/>
  <testcase name="testFindMethod" time="0.001" classname="org.identityconnectors.framework.common.objects.AttributeInfoUtilTests"/>
  <testcase name="testIsMethod" time="0.001" classname="org.identityconnectors.framework.common.objects.AttributeInfoUtilTests"/>
  <testcase name="testPasswordBuild" time="0.001" classname="org.identityconnectors.framework.common.objects.AttributeInfoUtilTests"/>
  <testcase name="testRegularPassword" time="0.0" classname="org.identityconnectors.framework.common.objects.AttributeInfoUtilTests"/>
  <testcase name="testArrays" time="0.001" classname="org.identityconnectors.framework.common.objects.AttributeTests"/>
  <testcase name="testEqualsObservesLocale" time="0.0" classname="org.identityconnectors.framework.common.objects.AttributeTests"/>
  <testcase name="testHashCodeIndependentOnLocale" time="0.0" classname="org.identityconnectors.framework.common.objects.AttributeTests"/>
  <testcase name="testName" time="0.001" classname="org.identityconnectors.framework.common.objects.AttributeTests"/>
  <testcase name="testNormal" time="0.001" classname="org.identityconnectors.framework.common.objects.AttributeTests"/>
  <testcase name="testBigDecimalValue" time="0.002" classname="org.identityconnectors.framework.common.objects.AttributeUtilTests"/>
  <testcase name="testEnableDate" time="0.001" classname="org.identityconnectors.framework.common.objects.AttributeUtilTests"/>
  <testcase name="testFindMethod" time="0.001" classname="org.identityconnectors.framework.common.objects.AttributeUtilTests"/>
  <testcase name="testGetAsStringValue" time="0.001" classname="org.identityconnectors.framework.common.objects.AttributeUtilTests"/>
  <testcase name="testGetBasicAttributes" time="0.001" classname="org.identityconnectors.framework.common.objects.AttributeUtilTests"/>
  <testcase name="testGetIntegerValue" time="0.001" classname="org.identityconnectors.framework.common.objects.AttributeUtilTests"/>
  <testcase name="testGetLongValue" time="0.0" classname="org.identityconnectors.framework.common.objects.AttributeUtilTests"/>
  <testcase name="testGetSingleValue" time="0.0" classname="org.identityconnectors.framework.common.objects.AttributeUtilTests"/>
  <testcase name="testGetStringValue" time="0.0" classname="org.identityconnectors.framework.common.objects.AttributeUtilTests"/>
  <testcase name="testGetUidAttribute" time="0.0" classname="org.identityconnectors.framework.common.objects.AttributeUtilTests"/>
  <testcase name="testIsMethod" time="0.0" classname="org.identityconnectors.framework.common.objects.AttributeUtilTests"/>
  <testcase name="testIsSpecial" time="0.001" classname="org.identityconnectors.framework.common.objects.AttributeUtilTests"/>
  <testcase name="testNamesEqual" time="0.001" classname="org.identityconnectors.framework.common.objects.AttributeUtilTests"/>
  <testcase name="testToMap" time="0.003" classname="org.identityconnectors.framework.common.objects.AttributeUtilTests"/>
  <testcase name="testAsList" time="0.0" classname="org.identityconnectors.common.CollectionUtilTests"/>
  <testcase name="testAsSet" time="0.0" classname="org.identityconnectors.common.CollectionUtilTests"/>
  <testcase name="testEquals" time="0.0" classname="org.identityconnectors.common.CollectionUtilTests"/>
  <testcase name="testHashCode" time="0.001" classname="org.identityconnectors.common.CollectionUtilTests"/>
  <testcase name="testIsEmpty" time="0.001" classname="org.identityconnectors.common.CollectionUtilTests"/>
  <testcase name="testList" time="0.0" classname="org.identityconnectors.common.CollectionUtilTests"/>
  <testcase name="testNullAsEmptyList" time="0.0" classname="org.identityconnectors.common.CollectionUtilTests"/>
  <testcase name="testNullAsEmptyMap" time="0.0" classname="org.identityconnectors.common.CollectionUtilTests"/>
  <testcase name="testNullAsEmptySet" time="0.0" classname="org.identityconnectors.common.CollectionUtilTests"/>
  <testcase name="testReadonlyList" time="0.0" classname="org.identityconnectors.common.CollectionUtilTests"/>
  <testcase name="testReadonlySet" time="0.0" classname="org.identityconnectors.common.CollectionUtilTests"/>
  <testcase name="testSet" time="0.001" classname="org.identityconnectors.common.CollectionUtilTests"/>
  <testcase name="testUnique" time="0.0" classname="org.identityconnectors.common.CollectionUtilTests"/>
  <testcase name="testBeanComparison" time="0.003" classname="org.identityconnectors.common.EqualsHashCodeBuilderTests"/>
  <testcase name="testBoolean" time="0.001" classname="org.identityconnectors.common.EqualsHashCodeBuilderTests"/>
  <testcase name="testBooleanArray" time="0.0" classname="org.identityconnectors.common.EqualsHashCodeBuilderTests"/>
  <testcase name="testBooleanArrayHiddenByObject" time="0.0" classname="org.identityconnectors.common.EqualsHashCodeBuilderTests"/>
  <testcase name="testByte" time="0.001" classname="org.identityconnectors.common.EqualsHashCodeBuilderTests"/>
  <testcase name="testByteArray" time="0.001" classname="org.identityconnectors.common.EqualsHashCodeBuilderTests"/>
  <testcase name="testByteArrayHiddenByObject" time="0.0" classname="org.identityconnectors.common.EqualsHashCodeBuilderTests"/>
  <testcase name="testChar" time="0.0" classname="org.identityconnectors.common.EqualsHashCodeBuilderTests"/>
  <testcase name="testCharArray" time="0.0" classname="org.identityconnectors.common.EqualsHashCodeBuilderTests"/>
  <testcase name="testCharArrayHiddenByObject" time="0.0" classname="org.identityconnectors.common.EqualsHashCodeBuilderTests"/>
  <testcase name="testDouble" time="0.0" classname="org.identityconnectors.common.EqualsHashCodeBuilderTests"/>
  <testcase name="testDoubleArray" time="0.0" classname="org.identityconnectors.common.EqualsHashCodeBuilderTests"/>
  <testcase name="testDoubleArrayHiddenByObject" time="0.001" classname="org.identityconnectors.common.EqualsHashCodeBuilderTests"/>
  <testcase name="testFloat" time="0.0" classname="org.identityconnectors.common.EqualsHashCodeBuilderTests"/>
  <testcase name="testFloatArray" time="0.001" classname="org.identityconnectors.common.EqualsHashCodeBuilderTests"/>
  <testcase name="testFloatArrayHiddenByObject" time="0.0" classname="org.identityconnectors.common.EqualsHashCodeBuilderTests"/>
  <testcase name="testInt" time="0.0" classname="org.identityconnectors.common.EqualsHashCodeBuilderTests"/>
  <testcase name="testIntArray" time="0.0" classname="org.identityconnectors.common.EqualsHashCodeBuilderTests"/>
  <testcase name="testIntArrayHiddenByObject" time="0.0" classname="org.identityconnectors.common.EqualsHashCodeBuilderTests"/>
  <testcase name="testList" time="0.0" classname="org.identityconnectors.common.EqualsHashCodeBuilderTests"/>
  <testcase name="testLong" time="0.0" classname="org.identityconnectors.common.EqualsHashCodeBuilderTests"/>
  <testcase name="testLongArray" time="0.001" classname="org.identityconnectors.common.EqualsHashCodeBuilderTests"/>
  <testcase name="testLongArrayHiddenByObject" time="0.0" classname="org.identityconnectors.common.EqualsHashCodeBuilderTests"/>
  <testcase name="testNonCollectionSupport" time="0.001" classname="org.identityconnectors.common.EqualsHashCodeBuilderTests"/>
  <testcase name="testObject" time="0.0" classname="org.identityconnectors.common.EqualsHashCodeBuilderTests"/>
  <testcase name="testObjectArray" time="0.001" classname="org.identityconnectors.common.EqualsHashCodeBuilderTests"/>
  <testcase name="testObjectArrayHiddenByObject" time="0.0" classname="org.identityconnectors.common.EqualsHashCodeBuilderTests"/>
  <testcase name="testSet" time="0.0" classname="org.identityconnectors.common.EqualsHashCodeBuilderTests"/>
  <testcase name="testShort" time="0.001" classname="org.identityconnectors.common.EqualsHashCodeBuilderTests"/>
  <testcase name="testShortArray" time="0.001" classname="org.identityconnectors.common.EqualsHashCodeBuilderTests"/>
  <testcase name="testShortArrayHiddenByObject" time="0.0" classname="org.identityconnectors.common.EqualsHashCodeBuilderTests"/>
  <testcase name="testUnrelatedClasses" time="0.001" classname="org.identityconnectors.common.EqualsHashCodeBuilderTests"/>
  <testcase name="andFilter" time="0.002" classname="org.identityconnectors.framework.common.objects.FilterBuilderTests"/>
  <testcase name="constainsWithFilter" time="0.005" classname="org.identityconnectors.framework.common.objects.FilterBuilderTests"/>
  <testcase name="containsAllValuesFilterFalse" time="0.001" classname="org.identityconnectors.framework.common.objects.FilterBuilderTests"/>
  <testcase name="containsAllValuesFilterTrue" time="0.0" classname="org.identityconnectors.framework.common.objects.FilterBuilderTests"/>
  <testcase name="endsWithFilter" time="0.001" classname="org.identityconnectors.framework.common.objects.FilterBuilderTests"/>
  <testcase name="equalsFilter" time="0.001" classname="org.identityconnectors.framework.common.objects.FilterBuilderTests"/>
  <testcase name="greaterThanEqualsToFilter" time="0.002" classname="org.identityconnectors.framework.common.objects.FilterBuilderTests"/>
  <testcase name="greaterThanFilter" time="0.001" classname="org.identityconnectors.framework.common.objects.FilterBuilderTests"/>
  <testcase name="illegalArgument" time="0.001" classname="org.identityconnectors.framework.common.objects.FilterBuilderTests"/>
  <testcase name="lessThanEqualToFilter" time="0.001" classname="org.identityconnectors.framework.common.objects.FilterBuilderTests"/>
  <testcase name="lessThanFilter" time="0.001" classname="org.identityconnectors.framework.common.objects.FilterBuilderTests"/>
  <testcase name="notFilter" time="0.0" classname="org.identityconnectors.framework.common.objects.FilterBuilderTests"/>
  <testcase name="orFilter" time="0.0" classname="org.identityconnectors.framework.common.objects.FilterBuilderTests"/>
  <testcase name="startsWithFilter" time="0.0" classname="org.identityconnectors.framework.common.objects.FilterBuilderTests"/>
  <testcase name="testBasics" time="0.001" classname="org.identityconnectors.framework.common.objects.filter.FilterTranslatorTests"/>
  <testcase name="testDistribution" time="0.029" classname="org.identityconnectors.framework.common.objects.filter.FilterTranslatorTests"/>
  <testcase name="testSimplifyNoAnd" time="0.001" classname="org.identityconnectors.framework.common.objects.filter.FilterTranslatorTests"/>
  <testcase name="testSimplifyNoAndNoLeaf" time="0.001" classname="org.identityconnectors.framework.common.objects.filter.FilterTranslatorTests"/>
  <testcase name="testSimplifyNoAndNoOrNoLeaf" time="0.0" classname="org.identityconnectors.framework.common.objects.filter.FilterTranslatorTests"/>
  <testcase name="testSimplifyNoLeaf" time="0.0" classname="org.identityconnectors.framework.common.objects.filter.FilterTranslatorTests"/>
  <testcase name="testSimplifyNoLeafNoOr" time="0.001" classname="org.identityconnectors.framework.common.objects.filter.FilterTranslatorTests"/>
  <testcase name="testFrameworkVersion" time="0.018" classname="org.identityconnectors.framework.common.FrameworkUtilTests"/>
  <testcase name="testFrameworkVersionCannotBeBlank" time="0.0" classname="org.identityconnectors.framework.common.FrameworkUtilTests"/>
  <testcase name="testBasics" time="0.007" classname="org.identityconnectors.common.security.GuardedByteArrayTests"/>
  <testcase name="testDispose" time="0.0" classname="org.identityconnectors.common.security.GuardedByteArrayTests"/>
  <testcase name="testEquals" time="0.0" classname="org.identityconnectors.common.security.GuardedByteArrayTests"/>
  <testcase name="testRange" time="0.014" classname="org.identityconnectors.common.security.GuardedByteArrayTests"/>
  <testcase name="testReadOnly" time="0.001" classname="org.identityconnectors.common.security.GuardedByteArrayTests"/>
  <testcase name="testBasics" time="0.001" classname="org.identityconnectors.common.security.GuardedStringTests"/>
  <testcase name="testDispose" time="0.001" classname="org.identityconnectors.common.security.GuardedStringTests"/>
  <testcase name="testEquals" time="0.001" classname="org.identityconnectors.common.security.GuardedStringTests"/>
  <testcase name="testReadOnly" time="0.0" classname="org.identityconnectors.common.security.GuardedStringTests"/>
  <testcase name="testUnicode" time="0.416" classname="org.identityconnectors.common.security.GuardedStringTests"/>
  <testcase name="quietClose" time="0.001" classname="org.identityconnectors.common.IOUtilsTests"/>
  <testcase name="resourcePath" time="0.0" classname="org.identityconnectors.common.IOUtilsTests"/>
  <testcase name="checkBasicLogging" time="0.007" classname="org.identityconnectors.common.logging.LogTests"/>
  <testcase name="checkBasicLoggingOff" time="0.0" classname="org.identityconnectors.common.logging.LogTests"/>
  <testcase name="checkBasicLoggingWithExceptionAndFormating" time="0.001" classname="org.identityconnectors.common.logging.LogTests"/>
  <testcase name="checkBasicLoggingWithFormating" time="0.001" classname="org.identityconnectors.common.logging.LogTests"/>
  <testcase name="checkFullLogMessage" time="0.008" classname="org.identityconnectors.common.logging.LogTests"/>
  <testcase name="checkGetLog" time="0.0" classname="org.identityconnectors.common.logging.LogTests"/>
  <testcase name="checkIsLoggableMethods" time="0.0" classname="org.identityconnectors.common.logging.LogTests"/>
  <testcase name="checkMessageLog" time="0.0" classname="org.identityconnectors.common.logging.LogTests"/>
  <testcase name="checkSystemProperty" time="0.002" classname="org.identityconnectors.common.logging.LogTests"/>
  <testcase name="testAllDuplicate" time="0.002" classname="org.identityconnectors.framework.common.objects.ObjectClassInfoTests"/>
  <testcase name="testBuilderAddsName" time="0.001" classname="org.identityconnectors.framework.common.objects.ObjectClassInfoTests"/>
  <testcase name="testDuplicate" time="0.0" classname="org.identityconnectors.framework.common.objects.ObjectClassInfoTests"/>
  <testcase name="testEquals" time="0.0" classname="org.identityconnectors.framework.common.objects.ObjectClassInfoTests"/>
  <testcase name="testEqualsObservesLocale" time="0.0" classname="org.identityconnectors.framework.common.objects.ObjectClassInfoTests"/>
  <testcase name="testHashCode" time="0.001" classname="org.identityconnectors.framework.common.objects.ObjectClassInfoTests"/>
  <testcase name="testHashCodeIndependentOnLocale" time="0.0" classname="org.identityconnectors.framework.common.objects.ObjectClassInfoTests"/>
  <testcase name="testIs" time="0.0" classname="org.identityconnectors.framework.common.objects.ObjectClassInfoTests"/>
  <testcase name="testNoName" time="0.0" classname="org.identityconnectors.framework.common.objects.ObjectClassInfoTests"/>
  <testcase name="testEquals" time="0.0" classname="org.identityconnectors.framework.common.objects.ObjectClassTests"/>
  <testcase name="testEqualsObservesLocale" time="0.0" classname="org.identityconnectors.framework.common.objects.ObjectClassTests"/>
  <testcase name="testHashCode" time="0.001" classname="org.identityconnectors.framework.common.objects.ObjectClassTests"/>
  <testcase name="testHashCodeIndependentOnLocale" time="0.001" classname="org.identityconnectors.framework.common.objects.ObjectClassTests"/>
  <testcase name="testIs" time="0.001" classname="org.identityconnectors.framework.common.objects.ObjectClassTests"/>
  <testcase name="testIsSpecial" time="0.0" classname="org.identityconnectors.framework.common.objects.ObjectClassUtilTests"/>
  <testcase name="testNamesEqual" time="0.001" classname="org.identityconnectors.framework.common.objects.ObjectClassUtilTests"/>
  <testcase name="equals" time="0.001" classname="org.identityconnectors.common.PairTests"/>
  <testcase name="hash" time="0.0" classname="org.identityconnectors.common.PairTests"/>
  <testcase name="functional" time="0.0" classname="org.identityconnectors.common.ReflectionUtilTests"/>
  <testcase name="testRegisteredFactories" time="0.005" classname="org.identityconnectors.common.script.ScriptExecutorFactoryTests"/>
  <testcase name="testBasic" time="0.001" classname="org.identityconnectors.common.script.ScriptTests"/>
  <testcase name="testLanguageNotBlank" time="0.001" classname="org.identityconnectors.common.script.ScriptTests"/>
  <testcase name="testTextNotNull" time="0.0" classname="org.identityconnectors.common.script.ScriptTests"/>
  <testcase name="checkIsLogger" time="0.0" classname="org.identityconnectors.common.logging.StdOutLoggerTests"/>
  <testcase name="checkLogFormat" time="0.01" classname="org.identityconnectors.common.logging.StdOutLoggerTests"/>
  <testcase name="getReader" time="0.0" classname="org.identityconnectors.common.StringPrintWriterTests"/>
  <testcase name="getString" time="0.0" classname="org.identityconnectors.common.StringPrintWriterTests"/>
  <testcase name="printArray" time="0.0" classname="org.identityconnectors.common.StringPrintWriterTests"/>
  <testcase name="println" time="0.0" classname="org.identityconnectors.common.StringPrintWriterTests"/>
  <testcase name="testEndsWith" time="0.0" classname="org.identityconnectors.common.StringUtilTests"/>
  <testcase name="testIndexOfDigit" time="0.0" classname="org.identityconnectors.common.StringUtilTests"/>
  <testcase name="testIndexOfNonDigit" time="0.0" classname="org.identityconnectors.common.StringUtilTests"/>
  <testcase name="testIsBlank" time="0.0" classname="org.identityconnectors.common.StringUtilTests"/>
  <testcase name="testIsEmpty" time="0.001" classname="org.identityconnectors.common.StringUtilTests"/>
  <testcase name="testIsNotBlank" time="0.0" classname="org.identityconnectors.common.StringUtilTests"/>
  <testcase name="testIsNotEmpty" time="0.0" classname="org.identityconnectors.common.StringUtilTests"/>
  <testcase name="testParseLine" time="0.0" classname="org.identityconnectors.common.StringUtilTests"/>
  <testcase name="testRandomParseLine" time="0.024" classname="org.identityconnectors.common.StringUtilTests"/>
  <testcase name="testRandomString" time="0.001" classname="org.identityconnectors.common.StringUtilTests"/>
  <testcase name="testReplaceVariables" time="0.002" classname="org.identityconnectors.common.StringUtilTests"/>
  <testcase name="testStripNewlines" time="0.0" classname="org.identityconnectors.common.StringUtilTests"/>
  <testcase name="testStripXmlAttribute" time="0.0" classname="org.identityconnectors.common.StringUtilTests"/>
  <testcase name="testStripXmlComments" time="0.001" classname="org.identityconnectors.common.StringUtilTests"/>
  <testcase name="testSubDigitString" time="0.0" classname="org.identityconnectors.common.StringUtilTests"/>
  <testcase name="testToProperties" time="0.001" classname="org.identityconnectors.common.StringUtilTests"/>
  <testcase name="testWhtiespace" time="0.0" classname="org.identityconnectors.common.StringUtilTests"/>
  <testcase name="testForceCompare" time="0.0" classname="org.identityconnectors.common.UtilTests"/>
  <testcase name="testGetMethodName" time="0.0" classname="org.identityconnectors.common.UtilTests"/>
  <testcase name="testCompare" time="0.001" classname="org.identityconnectors.common.VersionTests"/>
  <testcase name="testComponents" time="0.0" classname="org.identityconnectors.common.VersionTests"/>
  <testcase name="testCornerCases" time="0.0" classname="org.identityconnectors.common.VersionTests"/>
  <testcase name="testEqualsHashCode" time="0.0" classname="org.identityconnectors.common.VersionTests"/>
  <testcase name="testParse" time="0.001" classname="org.identityconnectors.common.VersionTests"/>
  <testcase name="testQualifiedIgnored" time="0.0" classname="org.identityconnectors.common.VersionTests"/>
  <testcase name="testToString" time="0.001" classname="org.identityconnectors.common.VersionTests"/>
</testsuite> <!-- Command line test -->
