<?xml version="1.0" encoding="UTF-8"?>
<testsuite name="TestSuite" time="68.062" tests="374" errors="0" skipped="0" failures="0">
  <properties>
[...]
</properties>
  <testcase name="testCheckVersion" classname="org.identityconnectors.framework.impl.api.LocalConnectorInfoManagerTests" time="0.016"/>
  <testcase name="testAPIConfiguration" classname="org.identityconnectors.framework.impl.api.LocalConnectorInfoManagerTests" time="0.257"/>
  <testcase name="testClassLoading" classname="org.identityconnectors.framework.impl.api.LocalConnectorInfoManagerTests" time="0.05"/>
  <testcase name="testConnectionPooling" classname="org.identityconnectors.framework.impl.api.LocalConnectorInfoManagerTests" time="0.073"/>
  <testcase name="testNativeLibraries" classname="org.identityconnectors.framework.impl.api.LocalConnectorInfoManagerTests" time="0.079"/>
  <testcase name="testScripting" classname="org.identityconnectors.framework.impl.api.LocalConnectorInfoManagerTests" time="0.682"/>
  <testcase name="testSearchStress" classname="org.identityconnectors.framework.impl.api.LocalConnectorInfoManagerTests" time="1.461"/>
  <testcase name="testSearchWithManyResults" classname="org.identityconnectors.framework.impl.api.LocalConnectorInfoManagerTests" time="0.246"/>
  <testcase name="testSyncWithManyResults" classname="org.identityconnectors.framework.impl.api.LocalConnectorInfoManagerTests" time="0.077"/>
  <testcase name="testTimeout" classname="org.identityconnectors.framework.impl.api.LocalConnectorInfoManagerTests" time="10.022"/>
  <testcase name="testValidate" classname="org.identityconnectors.framework.impl.api.LocalConnectorInfoManagerTests" time="0.026"/>
  <testcase name="testAttrsToGet" classname="org.identityconnectors.framework.impl.api.local.operations.AttributesToGetResultsHandlerTests" time="0.003"/>
  <testcase name="testIgnoreMissing" classname="org.identityconnectors.framework.impl.api.local.operations.AttributesToGetResultsHandlerTests" time="0"/>
  <testcase name="testReduceAttributes" classname="org.identityconnectors.framework.impl.api.local.operations.AttributesToGetResultsHandlerTests" time="0"/>
  <testcase name="testWithConnectorObject" classname="org.identityconnectors.framework.impl.api.local.operations.AttributesToGetResultsHandlerTests" time="0"/>
  <testcase name="passException" classname="org.identityconnectors.framework.impl.api.BufferedSearchProxyTests" time="0.002"/>
  <testcase name="slowProducer" classname="org.identityconnectors.framework.impl.api.BufferedSearchProxyTests" time="1.009"/>
  <testcase name="testCancel" classname="org.identityconnectors.framework.impl.api.BufferedSearchProxyTests" time="0.072"/>
  <testcase name="testInvalidSearch" classname="org.identityconnectors.framework.impl.api.BufferedSearchProxyTests" time="0"/>
  <testcase name="throwTimeoutException" classname="org.identityconnectors.framework.impl.api.BufferedSearchProxyTests" time="0.02"/>
  <testcase name="withBuffer" classname="org.identityconnectors.framework.impl.api.BufferedSearchProxyTests" time="0.246"/>
  <testcase name="authenticateCallPattern" classname="org.identityconnectors.framework.impl.api.ConnectorFacadeTests" time="0.009"/>
  <testcase name="createCallPattern" classname="org.identityconnectors.framework.impl.api.ConnectorFacadeTests" time="0.003"/>
  <testcase name="createDuplicatAttributesPattern" classname="org.identityconnectors.framework.impl.api.ConnectorFacadeTests" time="0.004"/>
  <testcase name="createWithOutObjectClassPattern" classname="org.identityconnectors.framework.impl.api.ConnectorFacadeTests" time="0.004"/>
  <testcase name="deleteCallPattern" classname="org.identityconnectors.framework.impl.api.ConnectorFacadeTests" time="0.005"/>
  <testcase name="getCallPattern" classname="org.identityconnectors.framework.impl.api.ConnectorFacadeTests" time="0.007"/>
  <testcase name="resolveUsernameCallPattern" classname="org.identityconnectors.framework.impl.api.ConnectorFacadeTests" time="0.004"/>
  <testcase name="runScriptOnConnectorCallPattern" classname="org.identityconnectors.framework.impl.api.ConnectorFacadeTests" time="0.003"/>
  <testcase name="runScriptOnResourceCallPattern" classname="org.identityconnectors.framework.impl.api.ConnectorFacadeTests" time="0.004"/>
  <testcase name="schemaCallPattern" classname="org.identityconnectors.framework.impl.api.ConnectorFacadeTests" time="0.003"/>
  <testcase name="searchCallPattern" classname="org.identityconnectors.framework.impl.api.ConnectorFacadeTests" time="0.005"/>
  <testcase name="testOpCallPattern" classname="org.identityconnectors.framework.impl.api.ConnectorFacadeTests" time="0.004"/>
  <testcase name="unsupportedOperationTest" classname="org.identityconnectors.framework.impl.api.ConnectorFacadeTests" time="0.002"/>
  <testcase name="updateCallPattern" classname="org.identityconnectors.framework.impl.api.ConnectorFacadeTests" time="0.005"/>
  <testcase name="updateMergeTests" classname="org.identityconnectors.framework.impl.api.ConnectorFacadeTests" time="0.014"/>
  <testcase name="testAPIConfiguration" classname="org.identityconnectors.framework.impl.api.RemoteConnectorInfoManagerClearTests" time="0.111"/>
  <testcase name="testClassLoading" classname="org.identityconnectors.framework.impl.api.RemoteConnectorInfoManagerClearTests" time="0.046"/>
  <testcase name="testConnectionPooling" classname="org.identityconnectors.framework.impl.api.RemoteConnectorInfoManagerClearTests" time="0.144"/>
  <testcase name="testNativeLibraries" classname="org.identityconnectors.framework.impl.api.RemoteConnectorInfoManagerClearTests" time="0.016"/>
  <testcase name="testScripting" classname="org.identityconnectors.framework.impl.api.RemoteConnectorInfoManagerClearTests" time="0.138"/>
  <testcase name="testSearchStress" classname="org.identityconnectors.framework.impl.api.RemoteConnectorInfoManagerClearTests" time="6.255"/>
  <testcase name="testSearchWithManyResults" classname="org.identityconnectors.framework.impl.api.RemoteConnectorInfoManagerClearTests" time="0.891"/>
  <testcase name="testSyncWithManyResults" classname="org.identityconnectors.framework.impl.api.RemoteConnectorInfoManagerClearTests" time="0.415"/>
  <testcase name="testTimeout" classname="org.identityconnectors.framework.impl.api.RemoteConnectorInfoManagerClearTests" time="10.015"/>
  <testcase name="testValidate" classname="org.identityconnectors.framework.impl.api.RemoteConnectorInfoManagerClearTests" time="0.035"/>
  <testcase name="testRemoteHelloRequest" classname="org.identityconnectors.framework.impl.api.RemoteConnectorInfoManagerClearTests" time="0.013"/>
  <testcase name="testAPIConfiguration" classname="org.identityconnectors.framework.impl.api.RemoteConnectorInfoManagerSSLTests" time="0.742"/>
  <testcase name="testClassLoading" classname="org.identityconnectors.framework.impl.api.RemoteConnectorInfoManagerSSLTests" time="0.492"/>
  <testcase name="testConnectionPooling" classname="org.identityconnectors.framework.impl.api.RemoteConnectorInfoManagerSSLTests" time="1.287"/>
  <testcase name="testNativeLibraries" classname="org.identityconnectors.framework.impl.api.RemoteConnectorInfoManagerSSLTests" time="0.156"/>
  <testcase name="testScripting" classname="org.identityconnectors.framework.impl.api.RemoteConnectorInfoManagerSSLTests" time="0.636"/>
  <testcase name="testSearchStress" classname="org.identityconnectors.framework.impl.api.RemoteConnectorInfoManagerSSLTests" time="8.063"/>
  <testcase name="testSearchWithManyResults" classname="org.identityconnectors.framework.impl.api.RemoteConnectorInfoManagerSSLTests" time="1.517"/>
  <testcase name="testSyncWithManyResults" classname="org.identityconnectors.framework.impl.api.RemoteConnectorInfoManagerSSLTests" time="0.822"/>
  <testcase name="testTimeout" classname="org.identityconnectors.framework.impl.api.RemoteConnectorInfoManagerSSLTests" time="10.01"/>
  <testcase name="testValidate" classname="org.identityconnectors.framework.impl.api.RemoteConnectorInfoManagerSSLTests" time="0.383"/>
  <testcase name="nullProducer" classname="org.identityconnectors.framework.impl.api.local.operations.FilteredResultsHandlerTests" time="0"/>
  <testcase name="withNullFilter" classname="org.identityconnectors.framework.impl.api.local.operations.FilteredResultsHandlerTests" time="0.009"/>
  <testcase name="withPassThruFilter" classname="org.identityconnectors.framework.impl.api.local.operations.FilteredResultsHandlerTests" time="0.007"/>
  <testcase name="withRangeFilter" classname="org.identityconnectors.framework.impl.api.local.operations.FilteredResultsHandlerTests" time="0.004"/>
  <testcase name="testValidScript" classname="org.identityconnectors.common.script.groovy.GroovyScriptExecutorFactoryTests" time="0.027"/>
  <testcase name="testWithVariables" classname="org.identityconnectors.common.script.groovy.GroovyScriptExecutorFactoryTests" time="0.021"/>
  <testcase name="testCreateJDKLogger" classname="org.identityconnectors.common.logging.impl.JDKLoggerTests" time="0.001"/>
  <testcase name="testIsLoggable" classname="org.identityconnectors.common.logging.impl.JDKLoggerTests" time="0.001"/>
  <testcase name="testLog" classname="org.identityconnectors.common.logging.impl.JDKLoggerTests" time="0.001"/>
  <testcase name="testMultithreaded" classname="org.identityconnectors.common.logging.impl.JDKLoggerTests" time="0.026"/>
  <testcase name="falseLogger" classname="org.identityconnectors.common.logging.impl.NoOpLoggerTests" time="0.001"/>
  <testcase name="testAnd" classname="org.identityconnectors.framework.impl.api.local.operations.ObjectNormalizerFacadeTests" time="0.002"/>
  <testcase name="testConnectorObject" classname="org.identityconnectors.framework.impl.api.local.operations.ObjectNormalizerFacadeTests" time="0"/>
  <testcase name="testContains" classname="org.identityconnectors.framework.impl.api.local.operations.ObjectNormalizerFacadeTests" time="0"/>
  <testcase name="testContainsAllValues" classname="org.identityconnectors.framework.impl.api.local.operations.ObjectNormalizerFacadeTests" time="0"/>
  <testcase name="testEndsWith" classname="org.identityconnectors.framework.impl.api.local.operations.ObjectNormalizerFacadeTests" time="0.001"/>
  <testcase name="testEqualTo" classname="org.identityconnectors.framework.impl.api.local.operations.ObjectNormalizerFacadeTests" time="0.001"/>
  <testcase name="testGreaterThan" classname="org.identityconnectors.framework.impl.api.local.operations.ObjectNormalizerFacadeTests" time="0.001"/>
  <testcase name="testGreaterThanOrEqualTo" classname="org.identityconnectors.framework.impl.api.local.operations.ObjectNormalizerFacadeTests" time="0.001"/>
  <testcase name="testLessThan" classname="org.identityconnectors.framework.impl.api.local.operations.ObjectNormalizerFacadeTests" time="0"/>
  <testcase name="testLessThanOrEqualTo" classname="org.identityconnectors.framework.impl.api.local.operations.ObjectNormalizerFacadeTests" time="0.001"/>
  <testcase name="testNot" classname="org.identityconnectors.framework.impl.api.local.operations.ObjectNormalizerFacadeTests" time="0"/>
  <testcase name="testOr" classname="org.identityconnectors.framework.impl.api.local.operations.ObjectNormalizerFacadeTests" time="0.001"/>
  <testcase name="testStartsWith" classname="org.identityconnectors.framework.impl.api.local.operations.ObjectNormalizerFacadeTests" time="0"/>
  <testcase name="testSyncDelta" classname="org.identityconnectors.framework.impl.api.local.operations.ObjectNormalizerFacadeTests" time="0.001"/>
  <testcase name="testBadConnection" classname="org.identityconnectors.framework.impl.api.local.ObjectPoolTests" time="0"/>
  <testcase name="testCreateBadConnection" classname="org.identityconnectors.framework.impl.api.local.ObjectPoolTests" time="0"/>
  <testcase name="testIdleCleanup" classname="org.identityconnectors.framework.impl.api.local.ObjectPoolTests" time="4.001"/>
  <testcase name="testWithManyThreads" classname="org.identityconnectors.framework.impl.api.local.ObjectPoolTests" time="5.709"/>
  <testcase name="testAPIConfiguration" classname="org.identityconnectors.framework.impl.serializer.ObjectEchoTests" time="0.001"/>
  <testcase name="testAndFilter" classname="org.identityconnectors.framework.impl.serializer.ObjectEchoTests" time="0"/>
  <testcase name="testArrays" classname="org.identityconnectors.framework.impl.serializer.ObjectEchoTests" time="0.001"/>
  <testcase name="testAttribute" classname="org.identityconnectors.framework.impl.serializer.ObjectEchoTests" time="0"/>
  <testcase name="testAttributeInfo" classname="org.identityconnectors.framework.impl.serializer.ObjectEchoTests" time="0.001"/>
  <testcase name="testBigDecimal" classname="org.identityconnectors.framework.impl.serializer.ObjectEchoTests" time="0.002"/>
  <testcase name="testBigInteger" classname="org.identityconnectors.framework.impl.serializer.ObjectEchoTests" time="0"/>
  <testcase name="testBoolean" classname="org.identityconnectors.framework.impl.serializer.ObjectEchoTests" time="0"/>
  <testcase name="testByteArray" classname="org.identityconnectors.framework.impl.serializer.ObjectEchoTests" time="0"/>
  <testcase name="testCaseInsensitiveMap" classname="org.identityconnectors.framework.impl.serializer.ObjectEchoTests" time="0.002"/>
  <testcase name="testCaseInsensitiveSet" classname="org.identityconnectors.framework.impl.serializer.ObjectEchoTests" time="0.001"/>
  <testcase name="testCharacter" classname="org.identityconnectors.framework.impl.serializer.ObjectEchoTests" time="0.001"/>
  <testcase name="testClasses" classname="org.identityconnectors.framework.impl.serializer.ObjectEchoTests" time="0.002"/>
  <testcase name="testConfigurationProperties" classname="org.identityconnectors.framework.impl.serializer.ObjectEchoTests" time="0"/>
  <testcase name="testConfigurationProperty" classname="org.identityconnectors.framework.impl.serializer.ObjectEchoTests" time="0.001"/>
  <testcase name="testConnectionPoolingConfiguration" classname="org.identityconnectors.framework.impl.serializer.ObjectEchoTests" time="0"/>
  <testcase name="testConnectorMessages" classname="org.identityconnectors.framework.impl.serializer.ObjectEchoTests" time="0"/>
  <testcase name="testConnectorObject" classname="org.identityconnectors.framework.impl.serializer.ObjectEchoTests" time="0"/>
  <testcase name="testContainsAllValuesFilter" classname="org.identityconnectors.framework.impl.serializer.ObjectEchoTests" time="0"/>
  <testcase name="testContainsFilter" classname="org.identityconnectors.framework.impl.serializer.ObjectEchoTests" time="0.001"/>
  <testcase name="testDouble" classname="org.identityconnectors.framework.impl.serializer.ObjectEchoTests" time="0"/>
  <testcase name="testEchoMessage" classname="org.identityconnectors.framework.impl.serializer.ObjectEchoTests" time="0.001"/>
  <testcase name="testEndsWithFilter" classname="org.identityconnectors.framework.impl.serializer.ObjectEchoTests" time="0"/>
  <testcase name="testEqualsFilter" classname="org.identityconnectors.framework.impl.serializer.ObjectEchoTests" time="0"/>
  <testcase name="testExceptions" classname="org.identityconnectors.framework.impl.serializer.ObjectEchoTests" time="0.001"/>
  <testcase name="testFile" classname="org.identityconnectors.framework.impl.serializer.ObjectEchoTests" time="0"/>
  <testcase name="testFloat" classname="org.identityconnectors.framework.impl.serializer.ObjectEchoTests" time="0"/>
  <testcase name="testGreaterThanFilter" classname="org.identityconnectors.framework.impl.serializer.ObjectEchoTests" time="0"/>
  <testcase name="testGreaterThanOrEqualFilter" classname="org.identityconnectors.framework.impl.serializer.ObjectEchoTests" time="0"/>
  <testcase name="testGuardedByteArray" classname="org.identityconnectors.framework.impl.serializer.ObjectEchoTests" time="0.001"/>
  <testcase name="testGuardedString" classname="org.identityconnectors.framework.impl.serializer.ObjectEchoTests" time="0"/>
  <testcase name="testHelloRequest" classname="org.identityconnectors.framework.impl.serializer.ObjectEchoTests" time="0"/>
  <testcase name="testHelloResponse" classname="org.identityconnectors.framework.impl.serializer.ObjectEchoTests" time="0.001"/>
  <testcase name="testInteger" classname="org.identityconnectors.framework.impl.serializer.ObjectEchoTests" time="0"/>
  <testcase name="testLessThanFilter" classname="org.identityconnectors.framework.impl.serializer.ObjectEchoTests" time="0"/>
  <testcase name="testLessThanOrEqualFilter" classname="org.identityconnectors.framework.impl.serializer.ObjectEchoTests" time="0"/>
  <testcase name="testList" classname="org.identityconnectors.framework.impl.serializer.ObjectEchoTests" time="0"/>
  <testcase name="testLocale" classname="org.identityconnectors.framework.impl.serializer.ObjectEchoTests" time="0.001"/>
  <testcase name="testLong" classname="org.identityconnectors.framework.impl.serializer.ObjectEchoTests" time="0"/>
  <testcase name="testMap" classname="org.identityconnectors.framework.impl.serializer.ObjectEchoTests" time="0.001"/>
  <testcase name="testName" classname="org.identityconnectors.framework.impl.serializer.ObjectEchoTests" time="0"/>
  <testcase name="testNotFilter" classname="org.identityconnectors.framework.impl.serializer.ObjectEchoTests" time="0"/>
  <testcase name="testNull" classname="org.identityconnectors.framework.impl.serializer.ObjectEchoTests" time="0"/>
  <testcase name="testObjectArrays" classname="org.identityconnectors.framework.impl.serializer.ObjectEchoTests" time="0"/>
  <testcase name="testObjectClass" classname="org.identityconnectors.framework.impl.serializer.ObjectEchoTests" time="0"/>
  <testcase name="testObjectClassInfo" classname="org.identityconnectors.framework.impl.serializer.ObjectEchoTests" time="0"/>
  <testcase name="testOperationOptionInfo" classname="org.identityconnectors.framework.impl.serializer.ObjectEchoTests" time="0"/>
  <testcase name="testOperationOptions" classname="org.identityconnectors.framework.impl.serializer.ObjectEchoTests" time="0"/>
  <testcase name="testOperationRequest" classname="org.identityconnectors.framework.impl.serializer.ObjectEchoTests" time="0"/>
  <testcase name="testOperationRequestMoreData" classname="org.identityconnectors.framework.impl.serializer.ObjectEchoTests" time="0"/>
  <testcase name="testOperationRequestStopData" classname="org.identityconnectors.framework.impl.serializer.ObjectEchoTests" time="0"/>
  <testcase name="testOperationResponseEnd" classname="org.identityconnectors.framework.impl.serializer.ObjectEchoTests" time="0"/>
  <testcase name="testOperationResponsePart" classname="org.identityconnectors.framework.impl.serializer.ObjectEchoTests" time="0"/>
  <testcase name="testOperationResponsePause" classname="org.identityconnectors.framework.impl.serializer.ObjectEchoTests" time="0.001"/>
  <testcase name="testOrFilter" classname="org.identityconnectors.framework.impl.serializer.ObjectEchoTests" time="0"/>
  <testcase name="testQualifiedUid" classname="org.identityconnectors.framework.impl.serializer.ObjectEchoTests" time="0"/>
  <testcase name="testRemoteConnectorInfo" classname="org.identityconnectors.framework.impl.serializer.ObjectEchoTests" time="0"/>
  <testcase name="testSchema" classname="org.identityconnectors.framework.impl.serializer.ObjectEchoTests" time="0"/>
  <testcase name="testScript" classname="org.identityconnectors.framework.impl.serializer.ObjectEchoTests" time="0"/>
  <testcase name="testScriptContext" classname="org.identityconnectors.framework.impl.serializer.ObjectEchoTests" time="0"/>
  <testcase name="testSet" classname="org.identityconnectors.framework.impl.serializer.ObjectEchoTests" time="0"/>
  <testcase name="testStartsWithFilter" classname="org.identityconnectors.framework.impl.serializer.ObjectEchoTests" time="0.001"/>
  <testcase name="testString" classname="org.identityconnectors.framework.impl.serializer.ObjectEchoTests" time="0"/>
  <testcase name="testSyncDelta" classname="org.identityconnectors.framework.impl.serializer.ObjectEchoTests" time="0"/>
  <testcase name="testSyncDeltaType" classname="org.identityconnectors.framework.impl.serializer.ObjectEchoTests" time="0"/>
  <testcase name="testSyncToken" classname="org.identityconnectors.framework.impl.serializer.ObjectEchoTests" time="0"/>
  <testcase name="testURI" classname="org.identityconnectors.framework.impl.serializer.ObjectEchoTests" time="0"/>
  <testcase name="testUid" classname="org.identityconnectors.framework.impl.serializer.ObjectEchoTests" time="0"/>
  <testcase name="testAPIConfiguration" classname="org.identityconnectors.framework.impl.serializer.ObjectSerializationTests" time="0.001"/>
  <testcase name="testAndFilter" classname="org.identityconnectors.framework.impl.serializer.ObjectSerializationTests" time="0"/>
  <testcase name="testArrays" classname="org.identityconnectors.framework.impl.serializer.ObjectSerializationTests" time="0"/>
  <testcase name="testAttribute" classname="org.identityconnectors.framework.impl.serializer.ObjectSerializationTests" time="0"/>
  <testcase name="testAttributeInfo" classname="org.identityconnectors.framework.impl.serializer.ObjectSerializationTests" time="0.001"/>
  <testcase name="testBigDecimal" classname="org.identityconnectors.framework.impl.serializer.ObjectSerializationTests" time="0"/>
  <testcase name="testBigInteger" classname="org.identityconnectors.framework.impl.serializer.ObjectSerializationTests" time="0.001"/>
  <testcase name="testBoolean" classname="org.identityconnectors.framework.impl.serializer.ObjectSerializationTests" time="0"/>
  <testcase name="testByteArray" classname="org.identityconnectors.framework.impl.serializer.ObjectSerializationTests" time="0"/>
  <testcase name="testCaseInsensitiveMap" classname="org.identityconnectors.framework.impl.serializer.ObjectSerializationTests" time="0"/>
  <testcase name="testCaseInsensitiveSet" classname="org.identityconnectors.framework.impl.serializer.ObjectSerializationTests" time="0"/>
  <testcase name="testCharacter" classname="org.identityconnectors.framework.impl.serializer.ObjectSerializationTests" time="0"/>
  <testcase name="testClasses" classname="org.identityconnectors.framework.impl.serializer.ObjectSerializationTests" time="0.001"/>
  <testcase name="testConfigurationProperties" classname="org.identityconnectors.framework.impl.serializer.ObjectSerializationTests" time="0"/>
  <testcase name="testConfigurationProperty" classname="org.identityconnectors.framework.impl.serializer.ObjectSerializationTests" time="0.001"/>
  <testcase name="testConnectionPoolingConfiguration" classname="org.identityconnectors.framework.impl.serializer.ObjectSerializationTests" time="0"/>
  <testcase name="testConnectorMessages" classname="org.identityconnectors.framework.impl.serializer.ObjectSerializationTests" time="0.001"/>
  <testcase name="testConnectorObject" classname="org.identityconnectors.framework.impl.serializer.ObjectSerializationTests" time="0"/>
  <testcase name="testContainsAllValuesFilter" classname="org.identityconnectors.framework.impl.serializer.ObjectSerializationTests" time="0"/>
  <testcase name="testContainsFilter" classname="org.identityconnectors.framework.impl.serializer.ObjectSerializationTests" time="0"/>
  <testcase name="testDouble" classname="org.identityconnectors.framework.impl.serializer.ObjectSerializationTests" time="0.001"/>
  <testcase name="testEchoMessage" classname="org.identityconnectors.framework.impl.serializer.ObjectSerializationTests" time="0"/>
  <testcase name="testEndsWithFilter" classname="org.identityconnectors.framework.impl.serializer.ObjectSerializationTests" time="0"/>
  <testcase name="testEqualsFilter" classname="org.identityconnectors.framework.impl.serializer.ObjectSerializationTests" time="0"/>
  <testcase name="testExceptions" classname="org.identityconnectors.framework.impl.serializer.ObjectSerializationTests" time="0.002"/>
  <testcase name="testFile" classname="org.identityconnectors.framework.impl.serializer.ObjectSerializationTests" time="0"/>
  <testcase name="testFloat" classname="org.identityconnectors.framework.impl.serializer.ObjectSerializationTests" time="0.001"/>
  <testcase name="testGreaterThanFilter" classname="org.identityconnectors.framework.impl.serializer.ObjectSerializationTests" time="0"/>
  <testcase name="testGreaterThanOrEqualFilter" classname="org.identityconnectors.framework.impl.serializer.ObjectSerializationTests" time="0.001"/>
  <testcase name="testGuardedByteArray" classname="org.identityconnectors.framework.impl.serializer.ObjectSerializationTests" time="0.001"/>
  <testcase name="testGuardedString" classname="org.identityconnectors.framework.impl.serializer.ObjectSerializationTests" time="0.001"/>
  <testcase name="testHelloRequest" classname="org.identityconnectors.framework.impl.serializer.ObjectSerializationTests" time="0"/>
  <testcase name="testHelloResponse" classname="org.identityconnectors.framework.impl.serializer.ObjectSerializationTests" time="0.001"/>
  <testcase name="testInteger" classname="org.identityconnectors.framework.impl.serializer.ObjectSerializationTests" time="0.001"/>
  <testcase name="testLessThanFilter" classname="org.identityconnectors.framework.impl.serializer.ObjectSerializationTests" time="0"/>
  <testcase name="testLessThanOrEqualFilter" classname="org.identityconnectors.framework.impl.serializer.ObjectSerializationTests" time="0"/>
  <testcase name="testList" classname="org.identityconnectors.framework.impl.serializer.ObjectSerializationTests" time="0"/>
  <testcase name="testLocale" classname="org.identityconnectors.framework.impl.serializer.ObjectSerializationTests" time="0"/>
  <testcase name="testLong" classname="org.identityconnectors.framework.impl.serializer.ObjectSerializationTests" time="0"/>
  <testcase name="testMap" classname="org.identityconnectors.framework.impl.serializer.ObjectSerializationTests" time="0"/>
  <testcase name="testName" classname="org.identityconnectors.framework.impl.serializer.ObjectSerializationTests" time="0"/>
  <testcase name="testNotFilter" classname="org.identityconnectors.framework.impl.serializer.ObjectSerializationTests" time="0"/>
  <testcase name="testNull" classname="org.identityconnectors.framework.impl.serializer.ObjectSerializationTests" time="0"/>
  <testcase name="testObjectArrays" classname="org.identityconnectors.framework.impl.serializer.ObjectSerializationTests" time="0"/>
  <testcase name="testObjectClass" classname="org.identityconnectors.framework.impl.serializer.ObjectSerializationTests" time="0"/>
  <testcase name="testObjectClassInfo" classname="org.identityconnectors.framework.impl.serializer.ObjectSerializationTests" time="0"/>
  <testcase name="testOperationOptionInfo" classname="org.identityconnectors.framework.impl.serializer.ObjectSerializationTests" time="0"/>
  <testcase name="testOperationOptions" classname="org.identityconnectors.framework.impl.serializer.ObjectSerializationTests" time="0.001"/>
  <testcase name="testOperationRequest" classname="org.identityconnectors.framework.impl.serializer.ObjectSerializationTests" time="0"/>
  <testcase name="testOperationRequestMoreData" classname="org.identityconnectors.framework.impl.serializer.ObjectSerializationTests" time="0"/>
  <testcase name="testOperationRequestStopData" classname="org.identityconnectors.framework.impl.serializer.ObjectSerializationTests" time="0"/>
  <testcase name="testOperationResponseEnd" classname="org.identityconnectors.framework.impl.serializer.ObjectSerializationTests" time="0"/>
  <testcase name="testOperationResponsePart" classname="org.identityconnectors.framework.impl.serializer.ObjectSerializationTests" time="0"/>
  <testcase name="testOperationResponsePause" classname="org.identityconnectors.framework.impl.serializer.ObjectSerializationTests" time="0.001"/>
  <testcase name="testOrFilter" classname="org.identityconnectors.framework.impl.serializer.ObjectSerializationTests" time="0"/>
  <testcase name="testQualifiedUid" classname="org.identityconnectors.framework.impl.serializer.ObjectSerializationTests" time="0.001"/>
  <testcase name="testRemoteConnectorInfo" classname="org.identityconnectors.framework.impl.serializer.ObjectSerializationTests" time="0"/>
  <testcase name="testSchema" classname="org.identityconnectors.framework.impl.serializer.ObjectSerializationTests" time="0.001"/>
  <testcase name="testScript" classname="org.identityconnectors.framework.impl.serializer.ObjectSerializationTests" time="0.001"/>
  <testcase name="testScriptContext" classname="org.identityconnectors.framework.impl.serializer.ObjectSerializationTests" time="0"/>
  <testcase name="testSet" classname="org.identityconnectors.framework.impl.serializer.ObjectSerializationTests" time="0"/>
  <testcase name="testStartsWithFilter" classname="org.identityconnectors.framework.impl.serializer.ObjectSerializationTests" time="0"/>
  <testcase name="testString" classname="org.identityconnectors.framework.impl.serializer.ObjectSerializationTests" time="0.001"/>
  <testcase name="testSyncDelta" classname="org.identityconnectors.framework.impl.serializer.ObjectSerializationTests" time="0"/>
  <testcase name="testSyncDeltaType" classname="org.identityconnectors.framework.impl.serializer.ObjectSerializationTests" time="0"/>
  <testcase name="testSyncToken" classname="org.identityconnectors.framework.impl.serializer.ObjectSerializationTests" time="0"/>
  <testcase name="testURI" classname="org.identityconnectors.framework.impl.serializer.ObjectSerializationTests" time="0.001"/>
  <testcase name="testUid" classname="org.identityconnectors.framework.impl.serializer.ObjectSerializationTests" time="0"/>
  <testcase name="testAPIConfiguration" classname="org.identityconnectors.framework.impl.serializer.ObjectXmlEchoTests" time="0.001"/>
  <testcase name="testAndFilter" classname="org.identityconnectors.framework.impl.serializer.ObjectXmlEchoTests" time="0.001"/>
  <testcase name="testArrays" classname="org.identityconnectors.framework.impl.serializer.ObjectXmlEchoTests" time="0"/>
  <testcase name="testAttribute" classname="org.identityconnectors.framework.impl.serializer.ObjectXmlEchoTests" time="0"/>
  <testcase name="testAttributeInfo" classname="org.identityconnectors.framework.impl.serializer.ObjectXmlEchoTests" time="0"/>
  <testcase name="testBigDecimal" classname="org.identityconnectors.framework.impl.serializer.ObjectXmlEchoTests" time="0"/>
  <testcase name="testBigInteger" classname="org.identityconnectors.framework.impl.serializer.ObjectXmlEchoTests" time="0"/>
  <testcase name="testBoolean" classname="org.identityconnectors.framework.impl.serializer.ObjectXmlEchoTests" time="0.001"/>
  <testcase name="testByteArray" classname="org.identityconnectors.framework.impl.serializer.ObjectXmlEchoTests" time="0"/>
  <testcase name="testCaseInsensitiveMap" classname="org.identityconnectors.framework.impl.serializer.ObjectXmlEchoTests" time="0.001"/>
  <testcase name="testCaseInsensitiveSet" classname="org.identityconnectors.framework.impl.serializer.ObjectXmlEchoTests" time="0"/>
  <testcase name="testCharacter" classname="org.identityconnectors.framework.impl.serializer.ObjectXmlEchoTests" time="0"/>
  <testcase name="testClasses" classname="org.identityconnectors.framework.impl.serializer.ObjectXmlEchoTests" time="0.001"/>
  <testcase name="testConfigurationProperties" classname="org.identityconnectors.framework.impl.serializer.ObjectXmlEchoTests" time="0.001"/>
  <testcase name="testConfigurationProperty" classname="org.identityconnectors.framework.impl.serializer.ObjectXmlEchoTests" time="0"/>
  <testcase name="testConnectionPoolingConfiguration" classname="org.identityconnectors.framework.impl.serializer.ObjectXmlEchoTests" time="0"/>
  <testcase name="testConnectorMessages" classname="org.identityconnectors.framework.impl.serializer.ObjectXmlEchoTests" time="0.001"/>
  <testcase name="testConnectorObject" classname="org.identityconnectors.framework.impl.serializer.ObjectXmlEchoTests" time="0"/>
  <testcase name="testContainsAllValuesFilter" classname="org.identityconnectors.framework.impl.serializer.ObjectXmlEchoTests" time="0.001"/>
  <testcase name="testContainsFilter" classname="org.identityconnectors.framework.impl.serializer.ObjectXmlEchoTests" time="0"/>
  <testcase name="testDouble" classname="org.identityconnectors.framework.impl.serializer.ObjectXmlEchoTests" time="0.001"/>
  <testcase name="testEchoMessage" classname="org.identityconnectors.framework.impl.serializer.ObjectXmlEchoTests" time="0"/>
  <testcase name="testEndsWithFilter" classname="org.identityconnectors.framework.impl.serializer.ObjectXmlEchoTests" time="0.001"/>
  <testcase name="testEqualsFilter" classname="org.identityconnectors.framework.impl.serializer.ObjectXmlEchoTests" time="0"/>
  <testcase name="testExceptions" classname="org.identityconnectors.framework.impl.serializer.ObjectXmlEchoTests" time="0.002"/>
  <testcase name="testFile" classname="org.identityconnectors.framework.impl.serializer.ObjectXmlEchoTests" time="0"/>
  <testcase name="testFloat" classname="org.identityconnectors.framework.impl.serializer.ObjectXmlEchoTests" time="0.001"/>
  <testcase name="testGreaterThanFilter" classname="org.identityconnectors.framework.impl.serializer.ObjectXmlEchoTests" time="0"/>
  <testcase name="testGreaterThanOrEqualFilter" classname="org.identityconnectors.framework.impl.serializer.ObjectXmlEchoTests" time="0.001"/>
  <testcase name="testGuardedByteArray" classname="org.identityconnectors.framework.impl.serializer.ObjectXmlEchoTests" time="0.001"/>
  <testcase name="testGuardedString" classname="org.identityconnectors.framework.impl.serializer.ObjectXmlEchoTests" time="0.001"/>
  <testcase name="testHelloRequest" classname="org.identityconnectors.framework.impl.serializer.ObjectXmlEchoTests" time="0"/>
  <testcase name="testHelloResponse" classname="org.identityconnectors.framework.impl.serializer.ObjectXmlEchoTests" time="0.001"/>
  <testcase name="testInteger" classname="org.identityconnectors.framework.impl.serializer.ObjectXmlEchoTests" time="0.001"/>
  <testcase name="testLessThanFilter" classname="org.identityconnectors.framework.impl.serializer.ObjectXmlEchoTests" time="0"/>
  <testcase name="testLessThanOrEqualFilter" classname="org.identityconnectors.framework.impl.serializer.ObjectXmlEchoTests" time="0"/>
  <testcase name="testList" classname="org.identityconnectors.framework.impl.serializer.ObjectXmlEchoTests" time="0"/>
  <testcase name="testLocale" classname="org.identityconnectors.framework.impl.serializer.ObjectXmlEchoTests" time="0"/>
  <testcase name="testLong" classname="org.identityconnectors.framework.impl.serializer.ObjectXmlEchoTests" time="0"/>
  <testcase name="testMap" classname="org.identityconnectors.framework.impl.serializer.ObjectXmlEchoTests" time="0"/>
  <testcase name="testName" classname="org.identityconnectors.framework.impl.serializer.ObjectXmlEchoTests" time="0"/>
  <testcase name="testNotFilter" classname="org.identityconnectors.framework.impl.serializer.ObjectXmlEchoTests" time="0"/>
  <testcase name="testNull" classname="org.identityconnectors.framework.impl.serializer.ObjectXmlEchoTests" time="0"/>
  <testcase name="testObjectArrays" classname="org.identityconnectors.framework.impl.serializer.ObjectXmlEchoTests" time="0"/>
  <testcase name="testObjectClass" classname="org.identityconnectors.framework.impl.serializer.ObjectXmlEchoTests" time="0"/>
  <testcase name="testObjectClassInfo" classname="org.identityconnectors.framework.impl.serializer.ObjectXmlEchoTests" time="0"/>
  <testcase name="testOperationOptionInfo" classname="org.identityconnectors.framework.impl.serializer.ObjectXmlEchoTests" time="0"/>
  <testcase name="testOperationOptions" classname="org.identityconnectors.framework.impl.serializer.ObjectXmlEchoTests" time="0.001"/>
  <testcase name="testOperationRequest" classname="org.identityconnectors.framework.impl.serializer.ObjectXmlEchoTests" time="0"/>
  <testcase name="testOperationRequestMoreData" classname="org.identityconnectors.framework.impl.serializer.ObjectXmlEchoTests" time="0"/>
  <testcase name="testOperationRequestStopData" classname="org.identityconnectors.framework.impl.serializer.ObjectXmlEchoTests" time="0"/>
  <testcase name="testOperationResponseEnd" classname="org.identityconnectors.framework.impl.serializer.ObjectXmlEchoTests" time="0.001"/>
  <testcase name="testOperationResponsePart" classname="org.identityconnectors.framework.impl.serializer.ObjectXmlEchoTests" time="0"/>
  <testcase name="testOperationResponsePause" classname="org.identityconnectors.framework.impl.serializer.ObjectXmlEchoTests" time="0"/>
  <testcase name="testOrFilter" classname="org.identityconnectors.framework.impl.serializer.ObjectXmlEchoTests" time="0"/>
  <testcase name="testQualifiedUid" classname="org.identityconnectors.framework.impl.serializer.ObjectXmlEchoTests" time="0.001"/>
  <testcase name="testRemoteConnectorInfo" classname="org.identityconnectors.framework.impl.serializer.ObjectXmlEchoTests" time="0"/>
  <testcase name="testSchema" classname="org.identityconnectors.framework.impl.serializer.ObjectXmlEchoTests" time="0"/>
  <testcase name="testScript" classname="org.identityconnectors.framework.impl.serializer.ObjectXmlEchoTests" time="0.001"/>
  <testcase name="testScriptContext" classname="org.identityconnectors.framework.impl.serializer.ObjectXmlEchoTests" time="0"/>
  <testcase name="testSet" classname="org.identityconnectors.framework.impl.serializer.ObjectXmlEchoTests" time="0"/>
  <testcase name="testStartsWithFilter" classname="org.identityconnectors.framework.impl.serializer.ObjectXmlEchoTests" time="0"/>
  <testcase name="testString" classname="org.identityconnectors.framework.impl.serializer.ObjectXmlEchoTests" time="0.001"/>
  <testcase name="testSyncDelta" classname="org.identityconnectors.framework.impl.serializer.ObjectXmlEchoTests" time="0"/>
  <testcase name="testSyncDeltaType" classname="org.identityconnectors.framework.impl.serializer.ObjectXmlEchoTests" time="0"/>
  <testcase name="testSyncToken" classname="org.identityconnectors.framework.impl.serializer.ObjectXmlEchoTests" time="0"/>
  <testcase name="testURI" classname="org.identityconnectors.framework.impl.serializer.ObjectXmlEchoTests" time="0.001"/>
  <testcase name="testUid" classname="org.identityconnectors.framework.impl.serializer.ObjectXmlEchoTests" time="0"/>
  <testcase name="testAPIConfiguration" classname="org.identityconnectors.framework.impl.serializer.XmlSerializationTests" time="0.151"/>
  <testcase name="testAndFilter" classname="org.identityconnectors.framework.impl.serializer.XmlSerializationTests" time="0.061"/>
  <testcase name="testArrays" classname="org.identityconnectors.framework.impl.serializer.XmlSerializationTests" time="0.048"/>
  <testcase name="testAttribute" classname="org.identityconnectors.framework.impl.serializer.XmlSerializationTests" time="0.046"/>
  <testcase name="testAttributeInfo" classname="org.identityconnectors.framework.impl.serializer.XmlSerializationTests" time="0.065"/>
  <testcase name="testBigDecimal" classname="org.identityconnectors.framework.impl.serializer.XmlSerializationTests" time="0.024"/>
  <testcase name="testBigInteger" classname="org.identityconnectors.framework.impl.serializer.XmlSerializationTests" time="0.024"/>
  <testcase name="testBoolean" classname="org.identityconnectors.framework.impl.serializer.XmlSerializationTests" time="0.05"/>
  <testcase name="testByteArray" classname="org.identityconnectors.framework.impl.serializer.XmlSerializationTests" time="0.025"/>
  <testcase name="testCaseInsensitiveMap" classname="org.identityconnectors.framework.impl.serializer.XmlSerializationTests" time="0.031"/>
  <testcase name="testCaseInsensitiveSet" classname="org.identityconnectors.framework.impl.serializer.XmlSerializationTests" time="0.026"/>
  <testcase name="testCharacter" classname="org.identityconnectors.framework.impl.serializer.XmlSerializationTests" time="0.014"/>
  <testcase name="testClasses" classname="org.identityconnectors.framework.impl.serializer.XmlSerializationTests" time="0.154"/>
  <testcase name="testConfigurationProperties" classname="org.identityconnectors.framework.impl.serializer.XmlSerializationTests" time="0.016"/>
  <testcase name="testConfigurationProperty" classname="org.identityconnectors.framework.impl.serializer.XmlSerializationTests" time="0.018"/>
  <testcase name="testConnectionPoolingConfiguration" classname="org.identityconnectors.framework.impl.serializer.XmlSerializationTests" time="0.009"/>
  <testcase name="testConnectorMessages" classname="org.identityconnectors.framework.impl.serializer.XmlSerializationTests" time="0.018"/>
  <testcase name="testConnectorObject" classname="org.identityconnectors.framework.impl.serializer.XmlSerializationTests" time="0.01"/>
  <testcase name="testContainsAllValuesFilter" classname="org.identityconnectors.framework.impl.serializer.XmlSerializationTests" time="0.01"/>
  <testcase name="testContainsFilter" classname="org.identityconnectors.framework.impl.serializer.XmlSerializationTests" time="0.01"/>
  <testcase name="testDouble" classname="org.identityconnectors.framework.impl.serializer.XmlSerializationTests" time="0.07"/>
  <testcase name="testEchoMessage" classname="org.identityconnectors.framework.impl.serializer.XmlSerializationTests" time="0.01"/>
  <testcase name="testEndsWithFilter" classname="org.identityconnectors.framework.impl.serializer.XmlSerializationTests" time="0.011"/>
  <testcase name="testEqualsFilter" classname="org.identityconnectors.framework.impl.serializer.XmlSerializationTests" time="0.01"/>
  <testcase name="testExceptions" classname="org.identityconnectors.framework.impl.serializer.XmlSerializationTests" time="0.199"/>
  <testcase name="testFile" classname="org.identityconnectors.framework.impl.serializer.XmlSerializationTests" time="0.01"/>
  <testcase name="testFloat" classname="org.identityconnectors.framework.impl.serializer.XmlSerializationTests" time="0.068"/>
  <testcase name="testGreaterThanFilter" classname="org.identityconnectors.framework.impl.serializer.XmlSerializationTests" time="0.011"/>
  <testcase name="testGreaterThanOrEqualFilter" classname="org.identityconnectors.framework.impl.serializer.XmlSerializationTests" time="0.01"/>
  <testcase name="testGuardedByteArray" classname="org.identityconnectors.framework.impl.serializer.XmlSerializationTests" time="0.01"/>
  <testcase name="testGuardedString" classname="org.identityconnectors.framework.impl.serializer.XmlSerializationTests" time="0.01"/>
  <testcase name="testHelloRequest" classname="org.identityconnectors.framework.impl.serializer.XmlSerializationTests" time="0.009"/>
  <testcase name="testHelloResponse" classname="org.identityconnectors.framework.impl.serializer.XmlSerializationTests" time="0.012"/>
  <testcase name="testInteger" classname="org.identityconnectors.framework.impl.serializer.XmlSerializationTests" time="0.025"/>
  <testcase name="testLessThanFilter" classname="org.identityconnectors.framework.impl.serializer.XmlSerializationTests" time="0.008"/>
  <testcase name="testLessThanOrEqualFilter" classname="org.identityconnectors.framework.impl.serializer.XmlSerializationTests" time="0.007"/>
  <testcase name="testList" classname="org.identityconnectors.framework.impl.serializer.XmlSerializationTests" time="0.008"/>
  <testcase name="testLocale" classname="org.identityconnectors.framework.impl.serializer.XmlSerializationTests" time="0.015"/>
  <testcase name="testLong" classname="org.identityconnectors.framework.impl.serializer.XmlSerializationTests" time="0.025"/>
  <testcase name="testMap" classname="org.identityconnectors.framework.impl.serializer.XmlSerializationTests" time="0.01"/>
  <testcase name="testName" classname="org.identityconnectors.framework.impl.serializer.XmlSerializationTests" time="0.008"/>
  <testcase name="testNotFilter" classname="org.identityconnectors.framework.impl.serializer.XmlSerializationTests" time="0.008"/>
  <testcase name="testNull" classname="org.identityconnectors.framework.impl.serializer.XmlSerializationTests" time="0.006"/>
  <testcase name="testObjectArrays" classname="org.identityconnectors.framework.impl.serializer.XmlSerializationTests" time="0.007"/>
  <testcase name="testObjectClass" classname="org.identityconnectors.framework.impl.serializer.XmlSerializationTests" time="0.007"/>
  <testcase name="testObjectClassInfo" classname="org.identityconnectors.framework.impl.serializer.XmlSerializationTests" time="0.008"/>
  <testcase name="testOperationOptionInfo" classname="org.identityconnectors.framework.impl.serializer.XmlSerializationTests" time="0.008"/>
  <testcase name="testOperationOptions" classname="org.identityconnectors.framework.impl.serializer.XmlSerializationTests" time="0.011"/>
  <testcase name="testOperationRequest" classname="org.identityconnectors.framework.impl.serializer.XmlSerializationTests" time="0.012"/>
  <testcase name="testOperationRequestMoreData" classname="org.identityconnectors.framework.impl.serializer.XmlSerializationTests" time="0.007"/>
  <testcase name="testOperationRequestStopData" classname="org.identityconnectors.framework.impl.serializer.XmlSerializationTests" time="0.007"/>
  <testcase name="testOperationResponseEnd" classname="org.identityconnectors.framework.impl.serializer.XmlSerializationTests" time="0.007"/>
  <testcase name="testOperationResponsePart" classname="org.identityconnectors.framework.impl.serializer.XmlSerializationTests" time="0.009"/>
  <testcase name="testOperationResponsePause" classname="org.identityconnectors.framework.impl.serializer.XmlSerializationTests" time="0.008"/>
  <testcase name="testOrFilter" classname="org.identityconnectors.framework.impl.serializer.XmlSerializationTests" time="0.01"/>
  <testcase name="testQualifiedUid" classname="org.identityconnectors.framework.impl.serializer.XmlSerializationTests" time="0.007"/>
  <testcase name="testRemoteConnectorInfo" classname="org.identityconnectors.framework.impl.serializer.XmlSerializationTests" time="0.009"/>
  <testcase name="testSchema" classname="org.identityconnectors.framework.impl.serializer.XmlSerializationTests" time="0.008"/>
  <testcase name="testScript" classname="org.identityconnectors.framework.impl.serializer.XmlSerializationTests" time="0.005"/>
  <testcase name="testScriptContext" classname="org.identityconnectors.framework.impl.serializer.XmlSerializationTests" time="0.007"/>
  <testcase name="testSet" classname="org.identityconnectors.framework.impl.serializer.XmlSerializationTests" time="0.005"/>
  <testcase name="testStartsWithFilter" classname="org.identityconnectors.framework.impl.serializer.XmlSerializationTests" time="0.005"/>
  <testcase name="testString" classname="org.identityconnectors.framework.impl.serializer.XmlSerializationTests" time="0.005"/>
  <testcase name="testSyncDelta" classname="org.identityconnectors.framework.impl.serializer.XmlSerializationTests" time="0.006"/>
  <testcase name="testSyncDeltaType" classname="org.identityconnectors.framework.impl.serializer.XmlSerializationTests" time="0.005"/>
  <testcase name="testSyncToken" classname="org.identityconnectors.framework.impl.serializer.XmlSerializationTests" time="0.006"/>
  <testcase name="testURI" classname="org.identityconnectors.framework.impl.serializer.XmlSerializationTests" time="0.005"/>
  <testcase name="testUid" classname="org.identityconnectors.framework.impl.serializer.XmlSerializationTests" time="0.005"/>
  <testcase name="testMultiObject" classname="org.identityconnectors.framework.impl.serializer.XmlSerializationTests" time="0.009"/>
  <testcase name="testAttrsToGetQuery" classname="org.identityconnectors.framework.impl.api.local.operations.SearchImplTests" time="0.004"/>
  <testcase name="testEliminateDups" classname="org.identityconnectors.framework.impl.api.local.operations.SearchImplTests" time="0.005"/>
  <testcase name="testFillConfiguration" classname="org.identityconnectors.framework.impl.test.TestHelpersImplTests" time="0.003"/>
  <testcase name="mergeAddAttribute" classname="org.identityconnectors.framework.impl.api.local.operations.UpdateImplTests" time="0"/>
  <testcase name="mergeAddToExistingAttribute" classname="org.identityconnectors.framework.impl.api.local.operations.UpdateImplTests" time="0.001"/>
  <testcase name="mergeDeleteNonExistentAttribute" classname="org.identityconnectors.framework.impl.api.local.operations.UpdateImplTests" time="0"/>
  <testcase name="mergeDeleteToExistingAttribute" classname="org.identityconnectors.framework.impl.api.local.operations.UpdateImplTests" time="0"/>
  <testcase name="mergeDeleteToExistingAttributeCompletely" classname="org.identityconnectors.framework.impl.api.local.operations.UpdateImplTests" time="0"/>
  <testcase name="validateAddWithNullAttribute" classname="org.identityconnectors.framework.impl.api.local.operations.UpdateImplTests" time="0.001"/>
  <testcase name="validateAttemptToAddDeleteOperationalAttribute" classname="org.identityconnectors.framework.impl.api.local.operations.UpdateImplTests" time="0.001"/>
  <testcase name="validateAttemptToAddName" classname="org.identityconnectors.framework.impl.api.local.operations.UpdateImplTests" time="0"/>
  <testcase name="validateAttrsArg" classname="org.identityconnectors.framework.impl.api.local.operations.UpdateImplTests" time="0.001"/>
  <testcase name="validateObjectClassArg" classname="org.identityconnectors.framework.impl.api.local.operations.UpdateImplTests" time="0"/>
  <testcase name="validateUidArg" classname="org.identityconnectors.framework.impl.api.local.operations.UpdateImplTests" time="0"/>
  <testcase name="validateUidAttribute" classname="org.identityconnectors.framework.impl.api.local.operations.UpdateImplTests" time="0"/>
</testsuite>