<?xml version="1.0" encoding="UTF-8"?>
<testng-results skipped="0" failed="0" total="374" passed="374">
  <reporter-output>
  </reporter-output>
  <suite name="Command line suite" duration-ms="68247" started-at="2013-05-31T12:43:16Z" finished-at="2013-05-31T12:44:24Z">
    <groups>
    </groups>
    <test name="Command line test" duration-ms="68247" started-at="2013-05-31T12:43:16Z" finished-at="2013-05-31T12:44:24Z">
      <class name="org.identityconnectors.framework.impl.api.local.operations.UpdateImplTests">
        <test-method status="PASS" signature="mergeAddAttribute()[pri:0, instance:org.identityconnectors.framework.impl.api.local.operations.UpdateImplTests@162cc04e]" name="mergeAddAttribute" duration-ms="0" started-at="2013-05-31T14:44:24Z" finished-at="2013-05-31T14:44:24Z">
          <reporter-output>
          </reporter-output>
        </test-method> <!-- mergeAddAttribute -->
        <test-method status="PASS" signature="mergeAddToExistingAttribute()[pri:0, instance:org.identityconnectors.framework.impl.api.local.operations.UpdateImplTests@162cc04e]" name="mergeAddToExistingAttribute" duration-ms="0" started-at="2013-05-31T14:44:24Z" finished-at="2013-05-31T14:44:24Z">
          <reporter-output>
          </reporter-output>
        </test-method> <!-- mergeAddToExistingAttribute -->
        <test-method status="PASS" signature="mergeDeleteToExistingAttributeCompletely()[pri:0, instance:org.identityconnectors.framework.impl.api.local.operations.UpdateImplTests@162cc04e]" name="mergeDeleteToExistingAttributeCompletely" duration-ms="0" started-at="2013-05-31T14:44:24Z" finished-at="2013-05-31T14:44:24Z">
          <reporter-output>
          </reporter-output>
        </test-method> <!-- mergeDeleteToExistingAttributeCompletely -->
        <test-method status="PASS" signature="mergeDeleteToExistingAttribute()[pri:0, instance:org.identityconnectors.framework.impl.api.local.operations.UpdateImplTests@162cc04e]" name="mergeDeleteToExistingAttribute" duration-ms="0" started-at="2013-05-31T14:44:24Z" finished-at="2013-05-31T14:44:24Z">
          <reporter-output>
          </reporter-output>
        </test-method> <!-- mergeDeleteToExistingAttribute -->
        <test-method status="PASS" signature="validateAddWithNullAttribute()[pri:0, instance:org.identityconnectors.framework.impl.api.local.operations.UpdateImplTests@162cc04e]" name="validateAddWithNullAttribute" duration-ms="1" started-at="2013-05-31T14:44:24Z" finished-at="2013-05-31T14:44:24Z">
          <exception class="java.lang.IllegalArgumentException">
            <message>
              <![CDATA[Can not add or remove a 'null' value.]]>
            </message>
            <full-stacktrace>
              <![CDATA[java.lang.IllegalArgumentException: Can not add or remove a 'null' value.
	at org.identityconnectors.framework.impl.api.local.operations.UpdateImpl.validateInput(UpdateImpl.java:246)
	at org.identityconnectors.framework.impl.api.local.operations.UpdateImplTests.validateAddWithNullAttribute(UpdateImplTests.java:73)
	at sun.reflect.NativeMethodAccessorImpl.invoke0(Native Method)
	at sun.reflect.NativeMethodAccessorImpl.invoke(NativeMethodAccessorImpl.java:57)
	at sun.reflect.DelegatingMethodAccessorImpl.invoke(DelegatingMethodAccessorImpl.java:43)
	at java.lang.reflect.Method.invoke(Method.java:601)
	at org.testng.internal.MethodInvocationHelper.invokeMethod(MethodInvocationHelper.java:84)
	at org.testng.internal.Invoker.invokeMethod(Invoker.java:714)
	at org.testng.internal.Invoker.invokeTestMethod(Invoker.java:901)
	at org.testng.internal.Invoker.invokeTestMethods(Invoker.java:1231)
	at org.testng.internal.TestMethodWorker.invokeTestMethods(TestMethodWorker.java:127)
	at org.testng.internal.TestMethodWorker.run(TestMethodWorker.java:111)
	at org.testng.TestRunner.privateRun(TestRunner.java:767)
	at org.testng.TestRunner.run(TestRunner.java:617)
	at org.testng.SuiteRunner.runTest(SuiteRunner.java:334)
	at org.testng.SuiteRunner.runSequentially(SuiteRunner.java:329)
	at org.testng.SuiteRunner.privateRun(SuiteRunner.java:291)
	at org.testng.SuiteRunner.run(SuiteRunner.java:240)
	at org.testng.SuiteRunnerWorker.runSuite(SuiteRunnerWorker.java:52)
	at org.testng.SuiteRunnerWorker.run(SuiteRunnerWorker.java:86)
	at org.testng.TestNG.runSuitesSequentially(TestNG.java:1224)
	at org.testng.TestNG.runSuitesLocally(TestNG.java:1149)
	at org.testng.TestNG.run(TestNG.java:1057)
	at org.apache.maven.surefire.testng.TestNGExecutor.run(TestNGExecutor.java:77)
	at org.apache.maven.surefire.testng.TestNGDirectoryTestSuite.executeMulti(TestNGDirectoryTestSuite.java:189)
	at org.apache.maven.surefire.testng.TestNGDirectoryTestSuite.execute(TestNGDirectoryTestSuite.java:105)
	at org.apache.maven.surefire.testng.TestNGProvider.invoke(TestNGProvider.java:117)
	at sun.reflect.NativeMethodAccessorImpl.invoke0(Native Method)
	at sun.reflect.NativeMethodAccessorImpl.invoke(NativeMethodAccessorImpl.java:57)
	at sun.reflect.DelegatingMethodAccessorImpl.invoke(DelegatingMethodAccessorImpl.java:43)
	at java.lang.reflect.Method.invoke(Method.java:601)
	at org.apache.maven.surefire.util.ReflectionUtils.invokeMethodWithArray2(ReflectionUtils.java:208)
	at org.apache.maven.surefire.booter.ProviderFactory$ProviderProxy.invoke(ProviderFactory.java:159)
	at org.apache.maven.surefire.booter.ProviderFactory.invokeProvider(ProviderFactory.java:87)
	at org.apache.maven.surefire.booter.ForkedBooter.runSuitesInProcess(ForkedBooter.java:153)
	at org.apache.maven.surefire.booter.ForkedBooter.main(ForkedBooter.java:95)
]]>
            </full-stacktrace>
          </exception> <!-- java.lang.IllegalArgumentException -->
          <reporter-output>
          </reporter-output>
        </test-method> <!-- validateAddWithNullAttribute -->
        <test-method status="PASS" signature="mergeDeleteNonExistentAttribute()[pri:0, instance:org.identityconnectors.framework.impl.api.local.operations.UpdateImplTests@162cc04e]" name="mergeDeleteNonExistentAttribute" duration-ms="0" started-at="2013-05-31T14:44:24Z" finished-at="2013-05-31T14:44:24Z">
          <reporter-output>
          </reporter-output>
        </test-method> <!-- mergeDeleteNonExistentAttribute -->
        <test-method status="PASS" signature="validateAttemptToAddDeleteOperationalAttribute()[pri:0, instance:org.identityconnectors.framework.impl.api.local.operations.UpdateImplTests@162cc04e]" name="validateAttemptToAddDeleteOperationalAttribute" duration-ms="1" started-at="2013-05-31T14:44:24Z" finished-at="2013-05-31T14:44:24Z">
          <reporter-output>
          </reporter-output>
        </test-method> <!-- validateAttemptToAddDeleteOperationalAttribute -->
        <test-method status="PASS" signature="validateAttrsArg()[pri:0, instance:org.identityconnectors.framework.impl.api.local.operations.UpdateImplTests@162cc04e]" name="validateAttrsArg" duration-ms="0" started-at="2013-05-31T14:44:24Z" finished-at="2013-05-31T14:44:24Z">
          <exception class="java.lang.NullPointerException">
            <message>
              <![CDATA[Parameter 'attrs' must not be null.]]>
            </message>
            <full-stacktrace>
              <![CDATA[java.lang.NullPointerException: Parameter 'attrs' must not be null.
	at org.identityconnectors.common.Assertions.nullCheck(Assertions.java:50)
	at org.identityconnectors.framework.impl.api.local.operations.UpdateImpl.validateInput(UpdateImpl.java:235)
	at org.identityconnectors.framework.impl.api.local.operations.UpdateImplTests.validateAttrsArg(UpdateImplTests.java:59)
	at sun.reflect.NativeMethodAccessorImpl.invoke0(Native Method)
	at sun.reflect.NativeMethodAccessorImpl.invoke(NativeMethodAccessorImpl.java:57)
	at sun.reflect.DelegatingMethodAccessorImpl.invoke(DelegatingMethodAccessorImpl.java:43)
	at java.lang.reflect.Method.invoke(Method.java:601)
	at org.testng.internal.MethodInvocationHelper.invokeMethod(MethodInvocationHelper.java:84)
	at org.testng.internal.Invoker.invokeMethod(Invoker.java:714)
	at org.testng.internal.Invoker.invokeTestMethod(Invoker.java:901)
	at org.testng.internal.Invoker.invokeTestMethods(Invoker.java:1231)
	at org.testng.internal.TestMethodWorker.invokeTestMethods(TestMethodWorker.java:127)
	at org.testng.internal.TestMethodWorker.run(TestMethodWorker.java:111)
	at org.testng.TestRunner.privateRun(TestRunner.java:767)
	at org.testng.TestRunner.run(TestRunner.java:617)
	at org.testng.SuiteRunner.runTest(SuiteRunner.java:334)
	at org.testng.SuiteRunner.runSequentially(SuiteRunner.java:329)
	at org.testng.SuiteRunner.privateRun(SuiteRunner.java:291)
	at org.testng.SuiteRunner.run(SuiteRunner.java:240)
	at org.testng.SuiteRunnerWorker.runSuite(SuiteRunnerWorker.java:52)
	at org.testng.SuiteRunnerWorker.run(SuiteRunnerWorker.java:86)
	at org.testng.TestNG.runSuitesSequentially(TestNG.java:1224)
	at org.testng.TestNG.runSuitesLocally(TestNG.java:1149)
	at org.testng.TestNG.run(TestNG.java:1057)
	at org.apache.maven.surefire.testng.TestNGExecutor.run(TestNGExecutor.java:77)
	at org.apache.maven.surefire.testng.TestNGDirectoryTestSuite.executeMulti(TestNGDirectoryTestSuite.java:189)
	at org.apache.maven.surefire.testng.TestNGDirectoryTestSuite.execute(TestNGDirectoryTestSuite.java:105)
	at org.apache.maven.surefire.testng.TestNGProvider.invoke(TestNGProvider.java:117)
	at sun.reflect.NativeMethodAccessorImpl.invoke0(Native Method)
	at sun.reflect.NativeMethodAccessorImpl.invoke(NativeMethodAccessorImpl.java:57)
	at sun.reflect.DelegatingMethodAccessorImpl.invoke(DelegatingMethodAccessorImpl.java:43)
	at java.lang.reflect.Method.invoke(Method.java:601)
	at org.apache.maven.surefire.util.ReflectionUtils.invokeMethodWithArray2(ReflectionUtils.java:208)
	at org.apache.maven.surefire.booter.ProviderFactory$ProviderProxy.invoke(ProviderFactory.java:159)
	at org.apache.maven.surefire.booter.ProviderFactory.invokeProvider(ProviderFactory.java:87)
	at org.apache.maven.surefire.booter.ForkedBooter.runSuitesInProcess(ForkedBooter.java:153)
	at org.apache.maven.surefire.booter.ForkedBooter.main(ForkedBooter.java:95)
]]>
            </full-stacktrace>
          </exception> <!-- java.lang.NullPointerException -->
          <reporter-output>
          </reporter-output>
        </test-method> <!-- validateAttrsArg -->
        <test-method status="PASS" signature="validateAttemptToAddName()[pri:0, instance:org.identityconnectors.framework.impl.api.local.operations.UpdateImplTests@162cc04e]" name="validateAttemptToAddName" duration-ms="0" started-at="2013-05-31T14:44:24Z" finished-at="2013-05-31T14:44:24Z">
          <exception class="java.lang.IllegalArgumentException">
            <message>
              <![CDATA[Operational attribute '__NAME__' can not be added or removed.]]>
            </message>
            <full-stacktrace>
              <![CDATA[java.lang.IllegalArgumentException: Operational attribute '__NAME__' can not be added or removed.
	at org.identityconnectors.framework.impl.api.local.operations.UpdateImpl.validateInput(UpdateImpl.java:253)
	at org.identityconnectors.framework.impl.api.local.operations.UpdateImplTests.validateAttemptToAddName(UpdateImplTests.java:80)
	at sun.reflect.NativeMethodAccessorImpl.invoke0(Native Method)
	at sun.reflect.NativeMethodAccessorImpl.invoke(NativeMethodAccessorImpl.java:57)
	at sun.reflect.DelegatingMethodAccessorImpl.invoke(DelegatingMethodAccessorImpl.java:43)
	at java.lang.reflect.Method.invoke(Method.java:601)
	at org.testng.internal.MethodInvocationHelper.invokeMethod(MethodInvocationHelper.java:84)
	at org.testng.internal.Invoker.invokeMethod(Invoker.java:714)
	at org.testng.internal.Invoker.invokeTestMethod(Invoker.java:901)
	at org.testng.internal.Invoker.invokeTestMethods(Invoker.java:1231)
	at org.testng.internal.TestMethodWorker.invokeTestMethods(TestMethodWorker.java:127)
	at org.testng.internal.TestMethodWorker.run(TestMethodWorker.java:111)
	at org.testng.TestRunner.privateRun(TestRunner.java:767)
	at org.testng.TestRunner.run(TestRunner.java:617)
	at org.testng.SuiteRunner.runTest(SuiteRunner.java:334)
	at org.testng.SuiteRunner.runSequentially(SuiteRunner.java:329)
	at org.testng.SuiteRunner.privateRun(SuiteRunner.java:291)
	at org.testng.SuiteRunner.run(SuiteRunner.java:240)
	at org.testng.SuiteRunnerWorker.runSuite(SuiteRunnerWorker.java:52)
	at org.testng.SuiteRunnerWorker.run(SuiteRunnerWorker.java:86)
	at org.testng.TestNG.runSuitesSequentially(TestNG.java:1224)
	at org.testng.TestNG.runSuitesLocally(TestNG.java:1149)
	at org.testng.TestNG.run(TestNG.java:1057)
	at org.apache.maven.surefire.testng.TestNGExecutor.run(TestNGExecutor.java:77)
	at org.apache.maven.surefire.testng.TestNGDirectoryTestSuite.executeMulti(TestNGDirectoryTestSuite.java:189)
	at org.apache.maven.surefire.testng.TestNGDirectoryTestSuite.execute(TestNGDirectoryTestSuite.java:105)
	at org.apache.maven.surefire.testng.TestNGProvider.invoke(TestNGProvider.java:117)
	at sun.reflect.NativeMethodAccessorImpl.invoke0(Native Method)
	at sun.reflect.NativeMethodAccessorImpl.invoke(NativeMethodAccessorImpl.java:57)
	at sun.reflect.DelegatingMethodAccessorImpl.invoke(DelegatingMethodAccessorImpl.java:43)
	at java.lang.reflect.Method.invoke(Method.java:601)
	at org.apache.maven.surefire.util.ReflectionUtils.invokeMethodWithArray2(ReflectionUtils.java:208)
	at org.apache.maven.surefire.booter.ProviderFactory$ProviderProxy.invoke(ProviderFactory.java:159)
	at org.apache.maven.surefire.booter.ProviderFactory.invokeProvider(ProviderFactory.java:87)
	at org.apache.maven.surefire.booter.ForkedBooter.runSuitesInProcess(ForkedBooter.java:153)
	at org.apache.maven.surefire.booter.ForkedBooter.main(ForkedBooter.java:95)
]]>
            </full-stacktrace>
          </exception> <!-- java.lang.IllegalArgumentException -->
          <reporter-output>
          </reporter-output>
        </test-method> <!-- validateAttemptToAddName -->
        <test-method status="PASS" signature="validateUidAttribute()[pri:0, instance:org.identityconnectors.framework.impl.api.local.operations.UpdateImplTests@162cc04e]" name="validateUidAttribute" duration-ms="1" started-at="2013-05-31T14:44:24Z" finished-at="2013-05-31T14:44:24Z">
          <exception class="java.lang.IllegalArgumentException">
            <message>
              <![CDATA[Parameter 'attrs' contains a uid.]]>
            </message>
            <full-stacktrace>
              <![CDATA[java.lang.IllegalArgumentException: Parameter 'attrs' contains a uid.
	at org.identityconnectors.framework.impl.api.local.operations.UpdateImpl.validateInput(UpdateImpl.java:238)
	at org.identityconnectors.framework.impl.api.local.operations.UpdateImplTests.validateUidAttribute(UpdateImplTests.java:66)
	at sun.reflect.NativeMethodAccessorImpl.invoke0(Native Method)
	at sun.reflect.NativeMethodAccessorImpl.invoke(NativeMethodAccessorImpl.java:57)
	at sun.reflect.DelegatingMethodAccessorImpl.invoke(DelegatingMethodAccessorImpl.java:43)
	at java.lang.reflect.Method.invoke(Method.java:601)
	at org.testng.internal.MethodInvocationHelper.invokeMethod(MethodInvocationHelper.java:84)
	at org.testng.internal.Invoker.invokeMethod(Invoker.java:714)
	at org.testng.internal.Invoker.invokeTestMethod(Invoker.java:901)
	at org.testng.internal.Invoker.invokeTestMethods(Invoker.java:1231)
	at org.testng.internal.TestMethodWorker.invokeTestMethods(TestMethodWorker.java:127)
	at org.testng.internal.TestMethodWorker.run(TestMethodWorker.java:111)
	at org.testng.TestRunner.privateRun(TestRunner.java:767)
	at org.testng.TestRunner.run(TestRunner.java:617)
	at org.testng.SuiteRunner.runTest(SuiteRunner.java:334)
	at org.testng.SuiteRunner.runSequentially(SuiteRunner.java:329)
	at org.testng.SuiteRunner.privateRun(SuiteRunner.java:291)
	at org.testng.SuiteRunner.run(SuiteRunner.java:240)
	at org.testng.SuiteRunnerWorker.runSuite(SuiteRunnerWorker.java:52)
	at org.testng.SuiteRunnerWorker.run(SuiteRunnerWorker.java:86)
	at org.testng.TestNG.runSuitesSequentially(TestNG.java:1224)
	at org.testng.TestNG.runSuitesLocally(TestNG.java:1149)
	at org.testng.TestNG.run(TestNG.java:1057)
	at org.apache.maven.surefire.testng.TestNGExecutor.run(TestNGExecutor.java:77)
	at org.apache.maven.surefire.testng.TestNGDirectoryTestSuite.executeMulti(TestNGDirectoryTestSuite.java:189)
	at org.apache.maven.surefire.testng.TestNGDirectoryTestSuite.execute(TestNGDirectoryTestSuite.java:105)
	at org.apache.maven.surefire.testng.TestNGProvider.invoke(TestNGProvider.java:117)
	at sun.reflect.NativeMethodAccessorImpl.invoke0(Native Method)
	at sun.reflect.NativeMethodAccessorImpl.invoke(NativeMethodAccessorImpl.java:57)
	at sun.reflect.DelegatingMethodAccessorImpl.invoke(DelegatingMethodAccessorImpl.java:43)
	at java.lang.reflect.Method.invoke(Method.java:601)
	at org.apache.maven.surefire.util.ReflectionUtils.invokeMethodWithArray2(ReflectionUtils.java:208)
	at org.apache.maven.surefire.booter.ProviderFactory$ProviderProxy.invoke(ProviderFactory.java:159)
	at org.apache.maven.surefire.booter.ProviderFactory.invokeProvider(ProviderFactory.java:87)
	at org.apache.maven.surefire.booter.ForkedBooter.runSuitesInProcess(ForkedBooter.java:153)
	at org.apache.maven.surefire.booter.ForkedBooter.main(ForkedBooter.java:95)
]]>
            </full-stacktrace>
          </exception> <!-- java.lang.IllegalArgumentException -->
          <reporter-output>
          </reporter-output>
        </test-method> <!-- validateUidAttribute -->
        <test-method status="PASS" signature="validateObjectClassArg()[pri:0, instance:org.identityconnectors.framework.impl.api.local.operations.UpdateImplTests@162cc04e]" name="validateObjectClassArg" duration-ms="0" started-at="2013-05-31T14:44:24Z" finished-at="2013-05-31T14:44:24Z">
          <exception class="java.lang.NullPointerException">
            <message>
              <![CDATA[Parameter 'objectClass' must not be null.]]>
            </message>
            <full-stacktrace>
              <![CDATA[java.lang.NullPointerException: Parameter 'objectClass' must not be null.
	at org.identityconnectors.common.Assertions.nullCheck(Assertions.java:50)
	at org.identityconnectors.framework.impl.api.local.operations.UpdateImpl.validateInput(UpdateImpl.java:234)
	at org.identityconnectors.framework.impl.api.local.operations.UpdateImplTests.validateObjectClassArg(UpdateImplTests.java:54)
	at sun.reflect.NativeMethodAccessorImpl.invoke0(Native Method)
	at sun.reflect.NativeMethodAccessorImpl.invoke(NativeMethodAccessorImpl.java:57)
	at sun.reflect.DelegatingMethodAccessorImpl.invoke(DelegatingMethodAccessorImpl.java:43)
	at java.lang.reflect.Method.invoke(Method.java:601)
	at org.testng.internal.MethodInvocationHelper.invokeMethod(MethodInvocationHelper.java:84)
	at org.testng.internal.Invoker.invokeMethod(Invoker.java:714)
	at org.testng.internal.Invoker.invokeTestMethod(Invoker.java:901)
	at org.testng.internal.Invoker.invokeTestMethods(Invoker.java:1231)
	at org.testng.internal.TestMethodWorker.invokeTestMethods(TestMethodWorker.java:127)
	at org.testng.internal.TestMethodWorker.run(TestMethodWorker.java:111)
	at org.testng.TestRunner.privateRun(TestRunner.java:767)
	at org.testng.TestRunner.run(TestRunner.java:617)
	at org.testng.SuiteRunner.runTest(SuiteRunner.java:334)
	at org.testng.SuiteRunner.runSequentially(SuiteRunner.java:329)
	at org.testng.SuiteRunner.privateRun(SuiteRunner.java:291)
	at org.testng.SuiteRunner.run(SuiteRunner.java:240)
	at org.testng.SuiteRunnerWorker.runSuite(SuiteRunnerWorker.java:52)
	at org.testng.SuiteRunnerWorker.run(SuiteRunnerWorker.java:86)
	at org.testng.TestNG.runSuitesSequentially(TestNG.java:1224)
	at org.testng.TestNG.runSuitesLocally(TestNG.java:1149)
	at org.testng.TestNG.run(TestNG.java:1057)
	at org.apache.maven.surefire.testng.TestNGExecutor.run(TestNGExecutor.java:77)
	at org.apache.maven.surefire.testng.TestNGDirectoryTestSuite.executeMulti(TestNGDirectoryTestSuite.java:189)
	at org.apache.maven.surefire.testng.TestNGDirectoryTestSuite.execute(TestNGDirectoryTestSuite.java:105)
	at org.apache.maven.surefire.testng.TestNGProvider.invoke(TestNGProvider.java:117)
	at sun.reflect.NativeMethodAccessorImpl.invoke0(Native Method)
	at sun.reflect.NativeMethodAccessorImpl.invoke(NativeMethodAccessorImpl.java:57)
	at sun.reflect.DelegatingMethodAccessorImpl.invoke(DelegatingMethodAccessorImpl.java:43)
	at java.lang.reflect.Method.invoke(Method.java:601)
	at org.apache.maven.surefire.util.ReflectionUtils.invokeMethodWithArray2(ReflectionUtils.java:208)
	at org.apache.maven.surefire.booter.ProviderFactory$ProviderProxy.invoke(ProviderFactory.java:159)
	at org.apache.maven.surefire.booter.ProviderFactory.invokeProvider(ProviderFactory.java:87)
	at org.apache.maven.surefire.booter.ForkedBooter.runSuitesInProcess(ForkedBooter.java:153)
	at org.apache.maven.surefire.booter.ForkedBooter.main(ForkedBooter.java:95)
]]>
            </full-stacktrace>
          </exception> <!-- java.lang.NullPointerException -->
          <reporter-output>
          </reporter-output>
        </test-method> <!-- validateObjectClassArg -->
        <test-method status="PASS" signature="validateUidArg()[pri:0, instance:org.identityconnectors.framework.impl.api.local.operations.UpdateImplTests@162cc04e]" name="validateUidArg" duration-ms="0" started-at="2013-05-31T14:44:24Z" finished-at="2013-05-31T14:44:24Z">
          <exception class="java.lang.NullPointerException">
            <message>
              <![CDATA[Parameter 'uid' must not be null.]]>
            </message>
            <full-stacktrace>
              <![CDATA[java.lang.NullPointerException: Parameter 'uid' must not be null.
	at org.identityconnectors.common.Assertions.nullCheck(Assertions.java:50)
	at org.identityconnectors.framework.impl.api.local.operations.UpdateImpl.validateInput(UpdateImpl.java:233)
	at org.identityconnectors.framework.impl.api.local.operations.UpdateImplTests.validateUidArg(UpdateImplTests.java:49)
	at sun.reflect.NativeMethodAccessorImpl.invoke0(Native Method)
	at sun.reflect.NativeMethodAccessorImpl.invoke(NativeMethodAccessorImpl.java:57)
	at sun.reflect.DelegatingMethodAccessorImpl.invoke(DelegatingMethodAccessorImpl.java:43)
	at java.lang.reflect.Method.invoke(Method.java:601)
	at org.testng.internal.MethodInvocationHelper.invokeMethod(MethodInvocationHelper.java:84)
	at org.testng.internal.Invoker.invokeMethod(Invoker.java:714)
	at org.testng.internal.Invoker.invokeTestMethod(Invoker.java:901)
	at org.testng.internal.Invoker.invokeTestMethods(Invoker.java:1231)
	at org.testng.internal.TestMethodWorker.invokeTestMethods(TestMethodWorker.java:127)
	at org.testng.internal.TestMethodWorker.run(TestMethodWorker.java:111)
	at org.testng.TestRunner.privateRun(TestRunner.java:767)
	at org.testng.TestRunner.run(TestRunner.java:617)
	at org.testng.SuiteRunner.runTest(SuiteRunner.java:334)
	at org.testng.SuiteRunner.runSequentially(SuiteRunner.java:329)
	at org.testng.SuiteRunner.privateRun(SuiteRunner.java:291)
	at org.testng.SuiteRunner.run(SuiteRunner.java:240)
	at org.testng.SuiteRunnerWorker.runSuite(SuiteRunnerWorker.java:52)
	at org.testng.SuiteRunnerWorker.run(SuiteRunnerWorker.java:86)
	at org.testng.TestNG.runSuitesSequentially(TestNG.java:1224)
	at org.testng.TestNG.runSuitesLocally(TestNG.java:1149)
	at org.testng.TestNG.run(TestNG.java:1057)
	at org.apache.maven.surefire.testng.TestNGExecutor.run(TestNGExecutor.java:77)
	at org.apache.maven.surefire.testng.TestNGDirectoryTestSuite.executeMulti(TestNGDirectoryTestSuite.java:189)
	at org.apache.maven.surefire.testng.TestNGDirectoryTestSuite.execute(TestNGDirectoryTestSuite.java:105)
	at org.apache.maven.surefire.testng.TestNGProvider.invoke(TestNGProvider.java:117)
	at sun.reflect.NativeMethodAccessorImpl.invoke0(Native Method)
	at sun.reflect.NativeMethodAccessorImpl.invoke(NativeMethodAccessorImpl.java:57)
	at sun.reflect.DelegatingMethodAccessorImpl.invoke(DelegatingMethodAccessorImpl.java:43)
	at java.lang.reflect.Method.invoke(Method.java:601)
	at org.apache.maven.surefire.util.ReflectionUtils.invokeMethodWithArray2(ReflectionUtils.java:208)
	at org.apache.maven.surefire.booter.ProviderFactory$ProviderProxy.invoke(ProviderFactory.java:159)
	at org.apache.maven.surefire.booter.ProviderFactory.invokeProvider(ProviderFactory.java:87)
	at org.apache.maven.surefire.booter.ForkedBooter.runSuitesInProcess(ForkedBooter.java:153)
	at org.apache.maven.surefire.booter.ForkedBooter.main(ForkedBooter.java:95)
]]>
            </full-stacktrace>
          </exception> <!-- java.lang.NullPointerException -->
          <reporter-output>
          </reporter-output>
        </test-method> <!-- validateUidArg -->
      </class> <!-- org.identityconnectors.framework.impl.api.local.operations.UpdateImplTests -->
      <class name="org.identityconnectors.common.script.groovy.GroovyScriptExecutorFactoryTests">
        <test-method status="PASS" signature="testValidScript()[pri:0, instance:org.identityconnectors.common.script.groovy.GroovyScriptExecutorFactoryTests@3f64fffc]" name="testValidScript" duration-ms="27" started-at="2013-05-31T14:44:13Z" finished-at="2013-05-31T14:44:13Z">
          <reporter-output>
          </reporter-output>
        </test-method> <!-- testValidScript -->
        <test-method status="PASS" signature="testWithVariables()[pri:0, instance:org.identityconnectors.common.script.groovy.GroovyScriptExecutorFactoryTests@3f64fffc]" name="testWithVariables" duration-ms="21" started-at="2013-05-31T14:44:13Z" finished-at="2013-05-31T14:44:13Z">
          <reporter-output>
          </reporter-output>
        </test-method> <!-- testWithVariables -->
      </class> <!-- org.identityconnectors.common.script.groovy.GroovyScriptExecutorFactoryTests -->
      <class name="org.identityconnectors.framework.impl.api.local.operations.AttributesToGetResultsHandlerTests">
        <test-method status="PASS" signature="testAttrsToGet()[pri:0, instance:org.identityconnectors.framework.impl.api.local.operations.AttributesToGetResultsHandlerTests@2735537e]" name="testAttrsToGet" duration-ms="3" started-at="2013-05-31T14:43:29Z" finished-at="2013-05-31T14:43:29Z">
          <exception class="java.lang.NullPointerException">
            <message>
              <![CDATA[Parameter 'attrsToGet' must not be null.]]>
            </message>
            <full-stacktrace>
              <![CDATA[java.lang.NullPointerException: Parameter 'attrsToGet' must not be null.
	at org.identityconnectors.common.Assertions.nullCheck(Assertions.java:50)
	at org.identityconnectors.framework.impl.api.local.operations.AttributesToGetResultsHandler.<init>(AttributesToGetResultsHandler.java:48)
	at org.identityconnectors.framework.impl.api.local.operations.AttributesToGetResultsHandlerTests$TestHandler.<init>(AttributesToGetResultsHandlerTests.java:84)
	at org.identityconnectors.framework.impl.api.local.operations.AttributesToGetResultsHandlerTests.testAttrsToGet(AttributesToGetResultsHandlerTests.java:41)
	at sun.reflect.NativeMethodAccessorImpl.invoke0(Native Method)
	at sun.reflect.NativeMethodAccessorImpl.invoke(NativeMethodAccessorImpl.java:57)
	at sun.reflect.DelegatingMethodAccessorImpl.invoke(DelegatingMethodAccessorImpl.java:43)
	at java.lang.reflect.Method.invoke(Method.java:601)
	at org.testng.internal.MethodInvocationHelper.invokeMethod(MethodInvocationHelper.java:84)
	at org.testng.internal.Invoker.invokeMethod(Invoker.java:714)
	at org.testng.internal.Invoker.invokeTestMethod(Invoker.java:901)
	at org.testng.internal.Invoker.invokeTestMethods(Invoker.java:1231)
	at org.testng.internal.TestMethodWorker.invokeTestMethods(TestMethodWorker.java:127)
	at org.testng.internal.TestMethodWorker.run(TestMethodWorker.java:111)
	at org.testng.TestRunner.privateRun(TestRunner.java:767)
	at org.testng.TestRunner.run(TestRunner.java:617)
	at org.testng.SuiteRunner.runTest(SuiteRunner.java:334)
	at org.testng.SuiteRunner.runSequentially(SuiteRunner.java:329)
	at org.testng.SuiteRunner.privateRun(SuiteRunner.java:291)
	at org.testng.SuiteRunner.run(SuiteRunner.java:240)
	at org.testng.SuiteRunnerWorker.runSuite(SuiteRunnerWorker.java:52)
	at org.testng.SuiteRunnerWorker.run(SuiteRunnerWorker.java:86)
	at org.testng.TestNG.runSuitesSequentially(TestNG.java:1224)
	at org.testng.TestNG.runSuitesLocally(TestNG.java:1149)
	at org.testng.TestNG.run(TestNG.java:1057)
	at org.apache.maven.surefire.testng.TestNGExecutor.run(TestNGExecutor.java:77)
	at org.apache.maven.surefire.testng.TestNGDirectoryTestSuite.executeMulti(TestNGDirectoryTestSuite.java:189)
	at org.apache.maven.surefire.testng.TestNGDirectoryTestSuite.execute(TestNGDirectoryTestSuite.java:105)
	at org.apache.maven.surefire.testng.TestNGProvider.invoke(TestNGProvider.java:117)
	at sun.reflect.NativeMethodAccessorImpl.invoke0(Native Method)
	at sun.reflect.NativeMethodAccessorImpl.invoke(NativeMethodAccessorImpl.java:57)
	at sun.reflect.DelegatingMethodAccessorImpl.invoke(DelegatingMethodAccessorImpl.java:43)
	at java.lang.reflect.Method.invoke(Method.java:601)
	at org.apache.maven.surefire.util.ReflectionUtils.invokeMethodWithArray2(ReflectionUtils.java:208)
	at org.apache.maven.surefire.booter.ProviderFactory$ProviderProxy.invoke(ProviderFactory.java:159)
	at org.apache.maven.surefire.booter.ProviderFactory.invokeProvider(ProviderFactory.java:87)
	at org.apache.maven.surefire.booter.ForkedBooter.runSuitesInProcess(ForkedBooter.java:153)
	at org.apache.maven.surefire.booter.ForkedBooter.main(ForkedBooter.java:95)
]]>
            </full-stacktrace>
          </exception> <!-- java.lang.NullPointerException -->
          <reporter-output>
          </reporter-output>
        </test-method> <!-- testAttrsToGet -->
        <test-method status="PASS" signature="testIgnoreMissing()[pri:0, instance:org.identityconnectors.framework.impl.api.local.operations.AttributesToGetResultsHandlerTests@2735537e]" name="testIgnoreMissing" duration-ms="1" started-at="2013-05-31T14:43:29Z" finished-at="2013-05-31T14:43:29Z">
          <reporter-output>
          </reporter-output>
        </test-method> <!-- testIgnoreMissing -->
        <test-method status="PASS" signature="testReduceAttributes()[pri:0, instance:org.identityconnectors.framework.impl.api.local.operations.AttributesToGetResultsHandlerTests@2735537e]" name="testReduceAttributes" duration-ms="0" started-at="2013-05-31T14:43:29Z" finished-at="2013-05-31T14:43:29Z">
          <reporter-output>
          </reporter-output>
        </test-method> <!-- testReduceAttributes -->
        <test-method status="PASS" signature="testWithConnectorObject()[pri:0, instance:org.identityconnectors.framework.impl.api.local.operations.AttributesToGetResultsHandlerTests@2735537e]" name="testWithConnectorObject" duration-ms="0" started-at="2013-05-31T14:43:29Z" finished-at="2013-05-31T14:43:29Z">
          <reporter-output>
          </reporter-output>
        </test-method> <!-- testWithConnectorObject -->
      </class> <!-- org.identityconnectors.framework.impl.api.local.operations.AttributesToGetResultsHandlerTests -->
      <class name="org.identityconnectors.framework.impl.api.local.ObjectPoolTests">
        <test-method status="PASS" signature="testBadConnection()[pri:0, instance:org.identityconnectors.framework.impl.api.local.ObjectPoolTests@923ef32]" name="testBadConnection" duration-ms="0" started-at="2013-05-31T14:44:13Z" finished-at="2013-05-31T14:44:13Z">
          <reporter-output>
          </reporter-output>
        </test-method> <!-- testBadConnection -->
        <test-method status="PASS" signature="testIdleCleanup()[pri:0, instance:org.identityconnectors.framework.impl.api.local.ObjectPoolTests@923ef32]" name="testIdleCleanup" duration-ms="4001" started-at="2013-05-31T14:44:13Z" finished-at="2013-05-31T14:44:17Z">
          <reporter-output>
          </reporter-output>
        </test-method> <!-- testIdleCleanup -->
        <test-method status="PASS" signature="testCreateBadConnection()[pri:0, instance:org.identityconnectors.framework.impl.api.local.ObjectPoolTests@923ef32]" name="testCreateBadConnection" duration-ms="0" started-at="2013-05-31T14:44:13Z" finished-at="2013-05-31T14:44:13Z">
          <reporter-output>
          </reporter-output>
        </test-method> <!-- testCreateBadConnection -->
        <test-method status="PASS" signature="testWithManyThreads()[pri:0, instance:org.identityconnectors.framework.impl.api.local.ObjectPoolTests@923ef32]" name="testWithManyThreads" duration-ms="5709" started-at="2013-05-31T14:44:17Z" finished-at="2013-05-31T14:44:22Z">
          <reporter-output>
          </reporter-output>
        </test-method> <!-- testWithManyThreads -->
      </class> <!-- org.identityconnectors.framework.impl.api.local.ObjectPoolTests -->
      <class name="org.identityconnectors.framework.impl.api.RemoteConnectorInfoManagerSSLTests">
        <test-method status="PASS" signature="testAPIConfiguration()[pri:0, instance:org.identityconnectors.framework.impl.api.RemoteConnectorInfoManagerSSLTests@2fa21acf]" name="testAPIConfiguration" duration-ms="742" started-at="2013-05-31T14:43:48Z" finished-at="2013-05-31T14:43:49Z">
          <reporter-output>
          </reporter-output>
        </test-method> <!-- testAPIConfiguration -->
        <test-method status="PASS" signature="before()[pri:0, instance:org.identityconnectors.framework.impl.api.RemoteConnectorInfoManagerSSLTests@2fa21acf]" name="before" is-config="true" duration-ms="0" started-at="2013-05-31T14:43:48Z" finished-at="2013-05-31T14:43:48Z">
          <reporter-output>
          </reporter-output>
        </test-method> <!-- before -->
        <test-method status="PASS" signature="before()[pri:0, instance:org.identityconnectors.framework.impl.api.RemoteConnectorInfoManagerSSLTests@2fa21acf]" name="before" is-config="true" duration-ms="0" started-at="2013-05-31T14:43:49Z" finished-at="2013-05-31T14:43:49Z">
          <reporter-output>
          </reporter-output>
        </test-method> <!-- before -->
        <test-method status="PASS" signature="testClassLoading()[pri:0, instance:org.identityconnectors.framework.impl.api.RemoteConnectorInfoManagerSSLTests@2fa21acf]" name="testClassLoading" duration-ms="491" started-at="2013-05-31T14:43:49Z" finished-at="2013-05-31T14:43:50Z">
          <reporter-output>
          </reporter-output>
        </test-method> <!-- testClassLoading -->
        <test-method status="PASS" signature="before()[pri:0, instance:org.identityconnectors.framework.impl.api.RemoteConnectorInfoManagerSSLTests@2fa21acf]" name="before" is-config="true" duration-ms="0" started-at="2013-05-31T14:43:50Z" finished-at="2013-05-31T14:43:50Z">
          <reporter-output>
          </reporter-output>
        </test-method> <!-- before -->
        <test-method status="PASS" signature="testConnectionPooling()[pri:0, instance:org.identityconnectors.framework.impl.api.RemoteConnectorInfoManagerSSLTests@2fa21acf]" name="testConnectionPooling" duration-ms="1288" started-at="2013-05-31T14:43:50Z" finished-at="2013-05-31T14:43:51Z">
          <reporter-output>
          </reporter-output>
        </test-method> <!-- testConnectionPooling -->
        <test-method status="PASS" signature="before()[pri:0, instance:org.identityconnectors.framework.impl.api.RemoteConnectorInfoManagerSSLTests@2fa21acf]" name="before" is-config="true" duration-ms="0" started-at="2013-05-31T14:43:51Z" finished-at="2013-05-31T14:43:51Z">
          <reporter-output>
          </reporter-output>
        </test-method> <!-- before -->
        <test-method status="PASS" signature="testNativeLibraries()[pri:0, instance:org.identityconnectors.framework.impl.api.RemoteConnectorInfoManagerSSLTests@2fa21acf]" name="testNativeLibraries" duration-ms="155" started-at="2013-05-31T14:43:51Z" finished-at="2013-05-31T14:43:51Z">
          <reporter-output>
          </reporter-output>
        </test-method> <!-- testNativeLibraries -->
        <test-method status="PASS" signature="testScripting()[pri:0, instance:org.identityconnectors.framework.impl.api.RemoteConnectorInfoManagerSSLTests@2fa21acf]" name="testScripting" duration-ms="637" started-at="2013-05-31T14:43:51Z" finished-at="2013-05-31T14:43:52Z">
          <reporter-output>
          </reporter-output>
        </test-method> <!-- testScripting -->
        <test-method status="PASS" signature="before()[pri:0, instance:org.identityconnectors.framework.impl.api.RemoteConnectorInfoManagerSSLTests@2fa21acf]" name="before" is-config="true" duration-ms="0" started-at="2013-05-31T14:43:51Z" finished-at="2013-05-31T14:43:51Z">
          <reporter-output>
          </reporter-output>
        </test-method> <!-- before -->
        <test-method status="PASS" signature="before()[pri:0, instance:org.identityconnectors.framework.impl.api.RemoteConnectorInfoManagerSSLTests@2fa21acf]" name="before" is-config="true" duration-ms="1" started-at="2013-05-31T14:43:52Z" finished-at="2013-05-31T14:43:52Z">
          <reporter-output>
          </reporter-output>
        </test-method> <!-- before -->
        <test-method status="PASS" signature="testSearchStress()[pri:0, instance:org.identityconnectors.framework.impl.api.RemoteConnectorInfoManagerSSLTests@2fa21acf]" name="testSearchStress" duration-ms="8063" started-at="2013-05-31T14:43:52Z" finished-at="2013-05-31T14:44:00Z">
          <reporter-output>
          </reporter-output>
        </test-method> <!-- testSearchStress -->
        <test-method status="PASS" signature="before()[pri:0, instance:org.identityconnectors.framework.impl.api.RemoteConnectorInfoManagerSSLTests@2fa21acf]" name="before" is-config="true" duration-ms="0" started-at="2013-05-31T14:44:00Z" finished-at="2013-05-31T14:44:00Z">
          <reporter-output>
          </reporter-output>
        </test-method> <!-- before -->
        <test-method status="PASS" signature="testSearchWithManyResults()[pri:0, instance:org.identityconnectors.framework.impl.api.RemoteConnectorInfoManagerSSLTests@2fa21acf]" name="testSearchWithManyResults" duration-ms="1517" started-at="2013-05-31T14:44:00Z" finished-at="2013-05-31T14:44:01Z">
          <reporter-output>
          </reporter-output>
        </test-method> <!-- testSearchWithManyResults -->
        <test-method status="PASS" signature="testSyncWithManyResults()[pri:0, instance:org.identityconnectors.framework.impl.api.RemoteConnectorInfoManagerSSLTests@2fa21acf]" name="testSyncWithManyResults" duration-ms="823" started-at="2013-05-31T14:44:01Z" finished-at="2013-05-31T14:44:02Z">
          <reporter-output>
          </reporter-output>
        </test-method> <!-- testSyncWithManyResults -->
        <test-method status="PASS" signature="before()[pri:0, instance:org.identityconnectors.framework.impl.api.RemoteConnectorInfoManagerSSLTests@2fa21acf]" name="before" is-config="true" duration-ms="0" started-at="2013-05-31T14:44:01Z" finished-at="2013-05-31T14:44:01Z">
          <reporter-output>
          </reporter-output>
        </test-method> <!-- before -->
        <test-method status="PASS" signature="before()[pri:0, instance:org.identityconnectors.framework.impl.api.RemoteConnectorInfoManagerSSLTests@2fa21acf]" name="before" is-config="true" duration-ms="0" started-at="2013-05-31T14:44:02Z" finished-at="2013-05-31T14:44:02Z">
          <reporter-output>
          </reporter-output>
        </test-method> <!-- before -->
        <test-method status="PASS" signature="testTimeout()[pri:0, instance:org.identityconnectors.framework.impl.api.RemoteConnectorInfoManagerSSLTests@2fa21acf]" name="testTimeout" duration-ms="10009" started-at="2013-05-31T14:44:02Z" finished-at="2013-05-31T14:44:12Z">
          <reporter-output>
          </reporter-output>
        </test-method> <!-- testTimeout -->
        <test-method status="PASS" signature="before()[pri:0, instance:org.identityconnectors.framework.impl.api.RemoteConnectorInfoManagerSSLTests@2fa21acf]" name="before" is-config="true" duration-ms="1" started-at="2013-05-31T14:44:12Z" finished-at="2013-05-31T14:44:12Z">
          <reporter-output>
          </reporter-output>
        </test-method> <!-- before -->
        <test-method status="PASS" signature="testValidate()[pri:0, instance:org.identityconnectors.framework.impl.api.RemoteConnectorInfoManagerSSLTests@2fa21acf]" name="testValidate" duration-ms="383" started-at="2013-05-31T14:44:12Z" finished-at="2013-05-31T14:44:13Z">
          <reporter-output>
          </reporter-output>
        </test-method> <!-- testValidate -->
        <test-method status="PASS" signature="after()[pri:0, instance:org.identityconnectors.framework.impl.api.RemoteConnectorInfoManagerSSLTests@2fa21acf]" name="after" is-config="true" duration-ms="4" started-at="2013-05-31T14:44:24Z" finished-at="2013-05-31T14:44:24Z">
          <reporter-output>
          </reporter-output>
        </test-method> <!-- after -->
      </class> <!-- org.identityconnectors.framework.impl.api.RemoteConnectorInfoManagerSSLTests -->
      <class name="org.identityconnectors.framework.impl.api.local.operations.ObjectNormalizerFacadeTests">
        <test-method status="PASS" signature="testAnd()[pri:0, instance:org.identityconnectors.framework.impl.api.local.operations.ObjectNormalizerFacadeTests@109310d2]" name="testAnd" duration-ms="2" started-at="2013-05-31T14:44:13Z" finished-at="2013-05-31T14:44:13Z">
          <reporter-output>
          </reporter-output>
        </test-method> <!-- testAnd -->
        <test-method status="PASS" signature="testConnectorObject()[pri:0, instance:org.identityconnectors.framework.impl.api.local.operations.ObjectNormalizerFacadeTests@109310d2]" name="testConnectorObject" duration-ms="1" started-at="2013-05-31T14:44:13Z" finished-at="2013-05-31T14:44:13Z">
          <reporter-output>
          </reporter-output>
        </test-method> <!-- testConnectorObject -->
        <test-method status="PASS" signature="testContains()[pri:0, instance:org.identityconnectors.framework.impl.api.local.operations.ObjectNormalizerFacadeTests@109310d2]" name="testContains" duration-ms="1" started-at="2013-05-31T14:44:13Z" finished-at="2013-05-31T14:44:13Z">
          <reporter-output>
          </reporter-output>
        </test-method> <!-- testContains -->
        <test-method status="PASS" signature="testContainsAllValues()[pri:0, instance:org.identityconnectors.framework.impl.api.local.operations.ObjectNormalizerFacadeTests@109310d2]" name="testContainsAllValues" duration-ms="1" started-at="2013-05-31T14:44:13Z" finished-at="2013-05-31T14:44:13Z">
          <reporter-output>
          </reporter-output>
        </test-method> <!-- testContainsAllValues -->
        <test-method status="PASS" signature="testEndsWith()[pri:0, instance:org.identityconnectors.framework.impl.api.local.operations.ObjectNormalizerFacadeTests@109310d2]" name="testEndsWith" duration-ms="0" started-at="2013-05-31T14:44:13Z" finished-at="2013-05-31T14:44:13Z">
          <reporter-output>
          </reporter-output>
        </test-method> <!-- testEndsWith -->
        <test-method status="PASS" signature="testEqualTo()[pri:0, instance:org.identityconnectors.framework.impl.api.local.operations.ObjectNormalizerFacadeTests@109310d2]" name="testEqualTo" duration-ms="0" started-at="2013-05-31T14:44:13Z" finished-at="2013-05-31T14:44:13Z">
          <reporter-output>
          </reporter-output>
        </test-method> <!-- testEqualTo -->
        <test-method status="PASS" signature="testGreaterThan()[pri:0, instance:org.identityconnectors.framework.impl.api.local.operations.ObjectNormalizerFacadeTests@109310d2]" name="testGreaterThan" duration-ms="0" started-at="2013-05-31T14:44:13Z" finished-at="2013-05-31T14:44:13Z">
          <reporter-output>
          </reporter-output>
        </test-method> <!-- testGreaterThan -->
        <test-method status="PASS" signature="testGreaterThanOrEqualTo()[pri:0, instance:org.identityconnectors.framework.impl.api.local.operations.ObjectNormalizerFacadeTests@109310d2]" name="testGreaterThanOrEqualTo" duration-ms="0" started-at="2013-05-31T14:44:13Z" finished-at="2013-05-31T14:44:13Z">
          <reporter-output>
          </reporter-output>
        </test-method> <!-- testGreaterThanOrEqualTo -->
        <test-method status="PASS" signature="testLessThan()[pri:0, instance:org.identityconnectors.framework.impl.api.local.operations.ObjectNormalizerFacadeTests@109310d2]" name="testLessThan" duration-ms="0" started-at="2013-05-31T14:44:13Z" finished-at="2013-05-31T14:44:13Z">
          <reporter-output>
          </reporter-output>
        </test-method> <!-- testLessThan -->
        <test-method status="PASS" signature="testLessThanOrEqualTo()[pri:0, instance:org.identityconnectors.framework.impl.api.local.operations.ObjectNormalizerFacadeTests@109310d2]" name="testLessThanOrEqualTo" duration-ms="0" started-at="2013-05-31T14:44:13Z" finished-at="2013-05-31T14:44:13Z">
          <reporter-output>
          </reporter-output>
        </test-method> <!-- testLessThanOrEqualTo -->
        <test-method status="PASS" signature="testNot()[pri:0, instance:org.identityconnectors.framework.impl.api.local.operations.ObjectNormalizerFacadeTests@109310d2]" name="testNot" duration-ms="0" started-at="2013-05-31T14:44:13Z" finished-at="2013-05-31T14:44:13Z">
          <reporter-output>
          </reporter-output>
        </test-method> <!-- testNot -->
        <test-method status="PASS" signature="testOr()[pri:0, instance:org.identityconnectors.framework.impl.api.local.operations.ObjectNormalizerFacadeTests@109310d2]" name="testOr" duration-ms="1" started-at="2013-05-31T14:44:13Z" finished-at="2013-05-31T14:44:13Z">
          <reporter-output>
          </reporter-output>
        </test-method> <!-- testOr -->
        <test-method status="PASS" signature="testSyncDelta()[pri:0, instance:org.identityconnectors.framework.impl.api.local.operations.ObjectNormalizerFacadeTests@109310d2]" name="testSyncDelta" duration-ms="1" started-at="2013-05-31T14:44:13Z" finished-at="2013-05-31T14:44:13Z">
          <reporter-output>
          </reporter-output>
        </test-method> <!-- testSyncDelta -->
        <test-method status="PASS" signature="testStartsWith()[pri:0, instance:org.identityconnectors.framework.impl.api.local.operations.ObjectNormalizerFacadeTests@109310d2]" name="testStartsWith" duration-ms="0" started-at="2013-05-31T14:44:13Z" finished-at="2013-05-31T14:44:13Z">
          <reporter-output>
          </reporter-output>
        </test-method> <!-- testStartsWith -->
      </class> <!-- org.identityconnectors.framework.impl.api.local.operations.ObjectNormalizerFacadeTests -->
      <class name="org.identityconnectors.framework.impl.api.ConnectorFacadeTests">
        <test-method status="PASS" signature="setup()[pri:0, instance:org.identityconnectors.framework.impl.api.ConnectorFacadeTests@3c854dc9]" name="setup" is-config="true" duration-ms="1" started-at="2013-05-31T14:43:30Z" finished-at="2013-05-31T14:43:30Z">
          <reporter-output>
          </reporter-output>
        </test-method> <!-- setup -->
        <test-method status="PASS" signature="authenticateCallPattern()[pri:0, instance:org.identityconnectors.framework.impl.api.ConnectorFacadeTests@3c854dc9]" name="authenticateCallPattern" duration-ms="9" started-at="2013-05-31T14:43:30Z" finished-at="2013-05-31T14:43:30Z">
          <reporter-output>
          </reporter-output>
        </test-method> <!-- authenticateCallPattern -->
        <test-method status="PASS" signature="createCallPattern()[pri:0, instance:org.identityconnectors.framework.impl.api.ConnectorFacadeTests@3c854dc9]" name="createCallPattern" duration-ms="3" started-at="2013-05-31T14:43:30Z" finished-at="2013-05-31T14:43:30Z">
          <reporter-output>
          </reporter-output>
        </test-method> <!-- createCallPattern -->
        <test-method status="PASS" signature="setup()[pri:0, instance:org.identityconnectors.framework.impl.api.ConnectorFacadeTests@3c854dc9]" name="setup" is-config="true" duration-ms="0" started-at="2013-05-31T14:43:30Z" finished-at="2013-05-31T14:43:30Z">
          <reporter-output>
          </reporter-output>
        </test-method> <!-- setup -->
        <test-method status="PASS" signature="createDuplicatAttributesPattern()[pri:0, instance:org.identityconnectors.framework.impl.api.ConnectorFacadeTests@3c854dc9]" name="createDuplicatAttributesPattern" duration-ms="4" started-at="2013-05-31T14:43:30Z" finished-at="2013-05-31T14:43:30Z">
          <exception class="java.lang.IllegalArgumentException">
            <message>
              <![CDATA[Duplicated named attributes: abc]]>
            </message>
            <full-stacktrace>
              <![CDATA[java.lang.IllegalArgumentException: Duplicated named attributes: abc
	at org.identityconnectors.framework.impl.api.local.operations.CreateImpl.create(CreateImpl.java:68)
	at sun.reflect.GeneratedMethodAccessor1.invoke(Unknown Source)
	at sun.reflect.DelegatingMethodAccessorImpl.invoke(DelegatingMethodAccessorImpl.java:43)
	at java.lang.reflect.Method.invoke(Method.java:601)
	at org.identityconnectors.framework.impl.api.local.operations.ConnectorAPIOperationRunnerProxy.invoke(ConnectorAPIOperationRunnerProxy.java:96)
	at com.sun.proxy.$Proxy10.create(Unknown Source)
	at sun.reflect.GeneratedMethodAccessor1.invoke(Unknown Source)
	at sun.reflect.DelegatingMethodAccessorImpl.invoke(DelegatingMethodAccessorImpl.java:43)
	at java.lang.reflect.Method.invoke(Method.java:601)
	at org.identityconnectors.framework.impl.api.local.operations.ThreadClassLoaderManagerProxy.invoke(ThreadClassLoaderManagerProxy.java:96)
	at com.sun.proxy.$Proxy10.create(Unknown Source)
	at sun.reflect.GeneratedMethodAccessor1.invoke(Unknown Source)
	at sun.reflect.DelegatingMethodAccessorImpl.invoke(DelegatingMethodAccessorImpl.java:43)
	at java.lang.reflect.Method.invoke(Method.java:601)
	at org.identityconnectors.framework.impl.api.DelegatingTimeoutProxy.invoke(DelegatingTimeoutProxy.java:98)
	at com.sun.proxy.$Proxy10.create(Unknown Source)
	at sun.reflect.GeneratedMethodAccessor1.invoke(Unknown Source)
	at sun.reflect.DelegatingMethodAccessorImpl.invoke(DelegatingMethodAccessorImpl.java:43)
	at java.lang.reflect.Method.invoke(Method.java:601)
	at org.identityconnectors.framework.impl.api.LoggingProxy.invoke(LoggingProxy.java:75)
	at com.sun.proxy.$Proxy10.create(Unknown Source)
	at org.identityconnectors.framework.impl.api.AbstractConnectorFacade.create(AbstractConnectorFacade.java:123)
	at org.identityconnectors.framework.impl.api.ConnectorFacadeTests$8.makeCall(ConnectorFacadeTests.java:243)
	at org.identityconnectors.framework.impl.api.ConnectorFacadeTests.testCallPattern(ConnectorFacadeTests.java:109)
	at org.identityconnectors.framework.impl.api.ConnectorFacadeTests.testCallPattern(ConnectorFacadeTests.java:97)
	at org.identityconnectors.framework.impl.api.ConnectorFacadeTests.createDuplicatAttributesPattern(ConnectorFacadeTests.java:238)
	at sun.reflect.NativeMethodAccessorImpl.invoke0(Native Method)
	at sun.reflect.NativeMethodAccessorImpl.invoke(NativeMethodAccessorImpl.java:57)
	at sun.reflect.DelegatingMethodAccessorImpl.invoke(DelegatingMethodAccessorImpl.java:43)
	at java.lang.reflect.Method.invoke(Method.java:601)
	at org.testng.internal.MethodInvocationHelper.invokeMethod(MethodInvocationHelper.java:84)
	at org.testng.internal.Invoker.invokeMethod(Invoker.java:714)
	at org.testng.internal.Invoker.invokeTestMethod(Invoker.java:901)
	at org.testng.internal.Invoker.invokeTestMethods(Invoker.java:1231)
	at org.testng.internal.TestMethodWorker.invokeTestMethods(TestMethodWorker.java:127)
	at org.testng.internal.TestMethodWorker.run(TestMethodWorker.java:111)
	at org.testng.TestRunner.privateRun(TestRunner.java:767)
	at org.testng.TestRunner.run(TestRunner.java:617)
	at org.testng.SuiteRunner.runTest(SuiteRunner.java:334)
	at org.testng.SuiteRunner.runSequentially(SuiteRunner.java:329)
	at org.testng.SuiteRunner.privateRun(SuiteRunner.java:291)
	at org.testng.SuiteRunner.run(SuiteRunner.java:240)
	at org.testng.SuiteRunnerWorker.runSuite(SuiteRunnerWorker.java:52)
	at org.testng.SuiteRunnerWorker.run(SuiteRunnerWorker.java:86)
	at org.testng.TestNG.runSuitesSequentially(TestNG.java:1224)
	at org.testng.TestNG.runSuitesLocally(TestNG.java:1149)
	at org.testng.TestNG.run(TestNG.java:1057)
	at org.apache.maven.surefire.testng.TestNGExecutor.run(TestNGExecutor.java:77)
	at org.apache.maven.surefire.testng.TestNGDirectoryTestSuite.executeMulti(TestNGDirectoryTestSuite.java:189)
	at org.apache.maven.surefire.testng.TestNGDirectoryTestSuite.execute(TestNGDirectoryTestSuite.java:105)
	at org.apache.maven.surefire.testng.TestNGProvider.invoke(TestNGProvider.java:117)
	at sun.reflect.NativeMethodAccessorImpl.invoke0(Native Method)
	at sun.reflect.NativeMethodAccessorImpl.invoke(NativeMethodAccessorImpl.java:57)
	at sun.reflect.DelegatingMethodAccessorImpl.invoke(DelegatingMethodAccessorImpl.java:43)
	at java.lang.reflect.Method.invoke(Method.java:601)
	at org.apache.maven.surefire.util.ReflectionUtils.invokeMethodWithArray2(ReflectionUtils.java:208)
	at org.apache.maven.surefire.booter.ProviderFactory$ProviderProxy.invoke(ProviderFactory.java:159)
	at org.apache.maven.surefire.booter.ProviderFactory.invokeProvider(ProviderFactory.java:87)
	at org.apache.maven.surefire.booter.ForkedBooter.runSuitesInProcess(ForkedBooter.java:153)
	at org.apache.maven.surefire.booter.ForkedBooter.main(ForkedBooter.java:95)
]]>
            </full-stacktrace>
          </exception> <!-- java.lang.IllegalArgumentException -->
          <reporter-output>
          </reporter-output>
        </test-method> <!-- createDuplicatAttributesPattern -->
        <test-method status="PASS" signature="setup()[pri:0, instance:org.identityconnectors.framework.impl.api.ConnectorFacadeTests@3c854dc9]" name="setup" is-config="true" duration-ms="0" started-at="2013-05-31T14:43:30Z" finished-at="2013-05-31T14:43:30Z">
          <reporter-output>
          </reporter-output>
        </test-method> <!-- setup -->
        <test-method status="PASS" signature="createWithOutObjectClassPattern()[pri:0, instance:org.identityconnectors.framework.impl.api.ConnectorFacadeTests@3c854dc9]" name="createWithOutObjectClassPattern" duration-ms="4" started-at="2013-05-31T14:43:30Z" finished-at="2013-05-31T14:43:30Z">
          <exception class="java.lang.NullPointerException">
            <message>
              <![CDATA[Parameter 'oclass' must not be null.]]>
            </message>
            <full-stacktrace>
              <![CDATA[java.lang.NullPointerException: Parameter 'oclass' must not be null.
	at org.identityconnectors.common.Assertions.nullCheck(Assertions.java:50)
	at org.identityconnectors.framework.impl.api.local.operations.CreateImpl.create(CreateImpl.java:58)
	at sun.reflect.GeneratedMethodAccessor1.invoke(Unknown Source)
	at sun.reflect.DelegatingMethodAccessorImpl.invoke(DelegatingMethodAccessorImpl.java:43)
	at java.lang.reflect.Method.invoke(Method.java:601)
	at org.identityconnectors.framework.impl.api.local.operations.ConnectorAPIOperationRunnerProxy.invoke(ConnectorAPIOperationRunnerProxy.java:96)
	at com.sun.proxy.$Proxy10.create(Unknown Source)
	at sun.reflect.GeneratedMethodAccessor1.invoke(Unknown Source)
	at sun.reflect.DelegatingMethodAccessorImpl.invoke(DelegatingMethodAccessorImpl.java:43)
	at java.lang.reflect.Method.invoke(Method.java:601)
	at org.identityconnectors.framework.impl.api.local.operations.ThreadClassLoaderManagerProxy.invoke(ThreadClassLoaderManagerProxy.java:96)
	at com.sun.proxy.$Proxy10.create(Unknown Source)
	at sun.reflect.GeneratedMethodAccessor1.invoke(Unknown Source)
	at sun.reflect.DelegatingMethodAccessorImpl.invoke(DelegatingMethodAccessorImpl.java:43)
	at java.lang.reflect.Method.invoke(Method.java:601)
	at org.identityconnectors.framework.impl.api.DelegatingTimeoutProxy.invoke(DelegatingTimeoutProxy.java:98)
	at com.sun.proxy.$Proxy10.create(Unknown Source)
	at sun.reflect.GeneratedMethodAccessor1.invoke(Unknown Source)
	at sun.reflect.DelegatingMethodAccessorImpl.invoke(DelegatingMethodAccessorImpl.java:43)
	at java.lang.reflect.Method.invoke(Method.java:601)
	at org.identityconnectors.framework.impl.api.LoggingProxy.invoke(LoggingProxy.java:75)
	at com.sun.proxy.$Proxy10.create(Unknown Source)
	at org.identityconnectors.framework.impl.api.AbstractConnectorFacade.create(AbstractConnectorFacade.java:123)
	at org.identityconnectors.framework.impl.api.ConnectorFacadeTests$7.makeCall(ConnectorFacadeTests.java:227)
	at org.identityconnectors.framework.impl.api.ConnectorFacadeTests.testCallPattern(ConnectorFacadeTests.java:109)
	at org.identityconnectors.framework.impl.api.ConnectorFacadeTests.testCallPattern(ConnectorFacadeTests.java:97)
	at org.identityconnectors.framework.impl.api.ConnectorFacadeTests.createWithOutObjectClassPattern(ConnectorFacadeTests.java:224)
	at sun.reflect.NativeMethodAccessorImpl.invoke0(Native Method)
	at sun.reflect.NativeMethodAccessorImpl.invoke(NativeMethodAccessorImpl.java:57)
	at sun.reflect.DelegatingMethodAccessorImpl.invoke(DelegatingMethodAccessorImpl.java:43)
	at java.lang.reflect.Method.invoke(Method.java:601)
	at org.testng.internal.MethodInvocationHelper.invokeMethod(MethodInvocationHelper.java:84)
	at org.testng.internal.Invoker.invokeMethod(Invoker.java:714)
	at org.testng.internal.Invoker.invokeTestMethod(Invoker.java:901)
	at org.testng.internal.Invoker.invokeTestMethods(Invoker.java:1231)
	at org.testng.internal.TestMethodWorker.invokeTestMethods(TestMethodWorker.java:127)
	at org.testng.internal.TestMethodWorker.run(TestMethodWorker.java:111)
	at org.testng.TestRunner.privateRun(TestRunner.java:767)
	at org.testng.TestRunner.run(TestRunner.java:617)
	at org.testng.SuiteRunner.runTest(SuiteRunner.java:334)
	at org.testng.SuiteRunner.runSequentially(SuiteRunner.java:329)
	at org.testng.SuiteRunner.privateRun(SuiteRunner.java:291)
	at org.testng.SuiteRunner.run(SuiteRunner.java:240)
	at org.testng.SuiteRunnerWorker.runSuite(SuiteRunnerWorker.java:52)
	at org.testng.SuiteRunnerWorker.run(SuiteRunnerWorker.java:86)
	at org.testng.TestNG.runSuitesSequentially(TestNG.java:1224)
	at org.testng.TestNG.runSuitesLocally(TestNG.java:1149)
	at org.testng.TestNG.run(TestNG.java:1057)
	at org.apache.maven.surefire.testng.TestNGExecutor.run(TestNGExecutor.java:77)
	at org.apache.maven.surefire.testng.TestNGDirectoryTestSuite.executeMulti(TestNGDirectoryTestSuite.java:189)
	at org.apache.maven.surefire.testng.TestNGDirectoryTestSuite.execute(TestNGDirectoryTestSuite.java:105)
	at org.apache.maven.surefire.testng.TestNGProvider.invoke(TestNGProvider.java:117)
	at sun.reflect.NativeMethodAccessorImpl.invoke0(Native Method)
	at sun.reflect.NativeMethodAccessorImpl.invoke(NativeMethodAccessorImpl.java:57)
	at sun.reflect.DelegatingMethodAccessorImpl.invoke(DelegatingMethodAccessorImpl.java:43)
	at java.lang.reflect.Method.invoke(Method.java:601)
	at org.apache.maven.surefire.util.ReflectionUtils.invokeMethodWithArray2(ReflectionUtils.java:208)
	at org.apache.maven.surefire.booter.ProviderFactory$ProviderProxy.invoke(ProviderFactory.java:159)
	at org.apache.maven.surefire.booter.ProviderFactory.invokeProvider(ProviderFactory.java:87)
	at org.apache.maven.surefire.booter.ForkedBooter.runSuitesInProcess(ForkedBooter.java:153)
	at org.apache.maven.surefire.booter.ForkedBooter.main(ForkedBooter.java:95)
]]>
            </full-stacktrace>
          </exception> <!-- java.lang.NullPointerException -->
          <reporter-output>
          </reporter-output>
        </test-method> <!-- createWithOutObjectClassPattern -->
        <test-method status="PASS" signature="setup()[pri:0, instance:org.identityconnectors.framework.impl.api.ConnectorFacadeTests@3c854dc9]" name="setup" is-config="true" duration-ms="0" started-at="2013-05-31T14:43:30Z" finished-at="2013-05-31T14:43:30Z">
          <reporter-output>
          </reporter-output>
        </test-method> <!-- setup -->
        <test-method status="PASS" signature="setup()[pri:0, instance:org.identityconnectors.framework.impl.api.ConnectorFacadeTests@3c854dc9]" name="setup" is-config="true" duration-ms="1" started-at="2013-05-31T14:43:30Z" finished-at="2013-05-31T14:43:30Z">
          <reporter-output>
          </reporter-output>
        </test-method> <!-- setup -->
        <test-method status="PASS" signature="deleteCallPattern()[pri:0, instance:org.identityconnectors.framework.impl.api.ConnectorFacadeTests@3c854dc9]" name="deleteCallPattern" duration-ms="5" started-at="2013-05-31T14:43:30Z" finished-at="2013-05-31T14:43:30Z">
          <reporter-output>
          </reporter-output>
        </test-method> <!-- deleteCallPattern -->
        <test-method status="PASS" signature="setup()[pri:0, instance:org.identityconnectors.framework.impl.api.ConnectorFacadeTests@3c854dc9]" name="setup" is-config="true" duration-ms="0" started-at="2013-05-31T14:43:30Z" finished-at="2013-05-31T14:43:30Z">
          <reporter-output>
          </reporter-output>
        </test-method> <!-- setup -->
        <test-method status="PASS" signature="getCallPattern()[pri:0, instance:org.identityconnectors.framework.impl.api.ConnectorFacadeTests@3c854dc9]" name="getCallPattern" duration-ms="7" started-at="2013-05-31T14:43:30Z" finished-at="2013-05-31T14:43:30Z">
          <reporter-output>
          </reporter-output>
        </test-method> <!-- getCallPattern -->
        <test-method status="PASS" signature="setup()[pri:0, instance:org.identityconnectors.framework.impl.api.ConnectorFacadeTests@3c854dc9]" name="setup" is-config="true" duration-ms="0" started-at="2013-05-31T14:43:30Z" finished-at="2013-05-31T14:43:30Z">
          <reporter-output>
          </reporter-output>
        </test-method> <!-- setup -->
        <test-method status="PASS" signature="resolveUsernameCallPattern()[pri:0, instance:org.identityconnectors.framework.impl.api.ConnectorFacadeTests@3c854dc9]" name="resolveUsernameCallPattern" duration-ms="4" started-at="2013-05-31T14:43:30Z" finished-at="2013-05-31T14:43:30Z">
          <reporter-output>
          </reporter-output>
        </test-method> <!-- resolveUsernameCallPattern -->
        <test-method status="PASS" signature="runScriptOnConnectorCallPattern()[pri:0, instance:org.identityconnectors.framework.impl.api.ConnectorFacadeTests@3c854dc9]" name="runScriptOnConnectorCallPattern" duration-ms="4" started-at="2013-05-31T14:43:30Z" finished-at="2013-05-31T14:43:30Z">
          <reporter-output>
          </reporter-output>
        </test-method> <!-- runScriptOnConnectorCallPattern -->
        <test-method status="PASS" signature="setup()[pri:0, instance:org.identityconnectors.framework.impl.api.ConnectorFacadeTests@3c854dc9]" name="setup" is-config="true" duration-ms="0" started-at="2013-05-31T14:43:30Z" finished-at="2013-05-31T14:43:30Z">
          <reporter-output>
          </reporter-output>
        </test-method> <!-- setup -->
        <test-method status="PASS" signature="runScriptOnResourceCallPattern()[pri:0, instance:org.identityconnectors.framework.impl.api.ConnectorFacadeTests@3c854dc9]" name="runScriptOnResourceCallPattern" duration-ms="4" started-at="2013-05-31T14:43:30Z" finished-at="2013-05-31T14:43:30Z">
          <reporter-output>
          </reporter-output>
        </test-method> <!-- runScriptOnResourceCallPattern -->
        <test-method status="PASS" signature="setup()[pri:0, instance:org.identityconnectors.framework.impl.api.ConnectorFacadeTests@3c854dc9]" name="setup" is-config="true" duration-ms="0" started-at="2013-05-31T14:43:30Z" finished-at="2013-05-31T14:43:30Z">
          <reporter-output>
          </reporter-output>
        </test-method> <!-- setup -->
        <test-method status="PASS" signature="schemaCallPattern()[pri:0, instance:org.identityconnectors.framework.impl.api.ConnectorFacadeTests@3c854dc9]" name="schemaCallPattern" duration-ms="3" started-at="2013-05-31T14:43:30Z" finished-at="2013-05-31T14:43:30Z">
          <reporter-output>
          </reporter-output>
        </test-method> <!-- schemaCallPattern -->
        <test-method status="PASS" signature="setup()[pri:0, instance:org.identityconnectors.framework.impl.api.ConnectorFacadeTests@3c854dc9]" name="setup" is-config="true" duration-ms="0" started-at="2013-05-31T14:43:30Z" finished-at="2013-05-31T14:43:30Z">
          <reporter-output>
          </reporter-output>
        </test-method> <!-- setup -->
        <test-method status="PASS" signature="setup()[pri:0, instance:org.identityconnectors.framework.impl.api.ConnectorFacadeTests@3c854dc9]" name="setup" is-config="true" duration-ms="0" started-at="2013-05-31T14:43:30Z" finished-at="2013-05-31T14:43:30Z">
          <reporter-output>
          </reporter-output>
        </test-method> <!-- setup -->
        <test-method status="PASS" signature="searchCallPattern()[pri:0, instance:org.identityconnectors.framework.impl.api.ConnectorFacadeTests@3c854dc9]" name="searchCallPattern" duration-ms="4" started-at="2013-05-31T14:43:30Z" finished-at="2013-05-31T14:43:30Z">
          <reporter-output>
          </reporter-output>
        </test-method> <!-- searchCallPattern -->
        <test-method status="PASS" signature="setup()[pri:0, instance:org.identityconnectors.framework.impl.api.ConnectorFacadeTests@3c854dc9]" name="setup" is-config="true" duration-ms="0" started-at="2013-05-31T14:43:30Z" finished-at="2013-05-31T14:43:30Z">
          <reporter-output>
          </reporter-output>
        </test-method> <!-- setup -->
        <test-method status="PASS" signature="testOpCallPattern()[pri:0, instance:org.identityconnectors.framework.impl.api.ConnectorFacadeTests@3c854dc9]" name="testOpCallPattern" duration-ms="4" started-at="2013-05-31T14:43:30Z" finished-at="2013-05-31T14:43:30Z">
          <reporter-output>
          </reporter-output>
        </test-method> <!-- testOpCallPattern -->
        <test-method status="PASS" signature="setup()[pri:0, instance:org.identityconnectors.framework.impl.api.ConnectorFacadeTests@3c854dc9]" name="setup" is-config="true" duration-ms="0" started-at="2013-05-31T14:43:30Z" finished-at="2013-05-31T14:43:30Z">
          <reporter-output>
          </reporter-output>
        </test-method> <!-- setup -->
        <test-method status="PASS" signature="unsupportedOperationTest()[pri:0, instance:org.identityconnectors.framework.impl.api.ConnectorFacadeTests@3c854dc9]" name="unsupportedOperationTest" duration-ms="1" started-at="2013-05-31T14:43:30Z" finished-at="2013-05-31T14:43:30Z">
          <exception class="java.lang.UnsupportedOperationException">
            <message>
              <![CDATA[Operation 'interface org.identityconnectors.framework.api.operations.AuthenticationApiOp' not supported.]]>
            </message>
            <full-stacktrace>
              <![CDATA[java.lang.UnsupportedOperationException: Operation 'interface org.identityconnectors.framework.api.operations.AuthenticationApiOp' not supported.
	at org.identityconnectors.framework.impl.api.AbstractConnectorFacade.getOperationCheckSupported(AbstractConnectorFacade.java:269)
	at org.identityconnectors.framework.impl.api.AbstractConnectorFacade.authenticate(AbstractConnectorFacade.java:188)
	at org.identityconnectors.framework.impl.api.ConnectorFacadeTests.unsupportedOperationTest(ConnectorFacadeTests.java:134)
	at sun.reflect.NativeMethodAccessorImpl.invoke0(Native Method)
	at sun.reflect.NativeMethodAccessorImpl.invoke(NativeMethodAccessorImpl.java:57)
	at sun.reflect.DelegatingMethodAccessorImpl.invoke(DelegatingMethodAccessorImpl.java:43)
	at java.lang.reflect.Method.invoke(Method.java:601)
	at org.testng.internal.MethodInvocationHelper.invokeMethod(MethodInvocationHelper.java:84)
	at org.testng.internal.Invoker.invokeMethod(Invoker.java:714)
	at org.testng.internal.Invoker.invokeTestMethod(Invoker.java:901)
	at org.testng.internal.Invoker.invokeTestMethods(Invoker.java:1231)
	at org.testng.internal.TestMethodWorker.invokeTestMethods(TestMethodWorker.java:127)
	at org.testng.internal.TestMethodWorker.run(TestMethodWorker.java:111)
	at org.testng.TestRunner.privateRun(TestRunner.java:767)
	at org.testng.TestRunner.run(TestRunner.java:617)
	at org.testng.SuiteRunner.runTest(SuiteRunner.java:334)
	at org.testng.SuiteRunner.runSequentially(SuiteRunner.java:329)
	at org.testng.SuiteRunner.privateRun(SuiteRunner.java:291)
	at org.testng.SuiteRunner.run(SuiteRunner.java:240)
	at org.testng.SuiteRunnerWorker.runSuite(SuiteRunnerWorker.java:52)
	at org.testng.SuiteRunnerWorker.run(SuiteRunnerWorker.java:86)
	at org.testng.TestNG.runSuitesSequentially(TestNG.java:1224)
	at org.testng.TestNG.runSuitesLocally(TestNG.java:1149)
	at org.testng.TestNG.run(TestNG.java:1057)
	at org.apache.maven.surefire.testng.TestNGExecutor.run(TestNGExecutor.java:77)
	at org.apache.maven.surefire.testng.TestNGDirectoryTestSuite.executeMulti(TestNGDirectoryTestSuite.java:189)
	at org.apache.maven.surefire.testng.TestNGDirectoryTestSuite.execute(TestNGDirectoryTestSuite.java:105)
	at org.apache.maven.surefire.testng.TestNGProvider.invoke(TestNGProvider.java:117)
	at sun.reflect.NativeMethodAccessorImpl.invoke0(Native Method)
	at sun.reflect.NativeMethodAccessorImpl.invoke(NativeMethodAccessorImpl.java:57)
	at sun.reflect.DelegatingMethodAccessorImpl.invoke(DelegatingMethodAccessorImpl.java:43)
	at java.lang.reflect.Method.invoke(Method.java:601)
	at org.apache.maven.surefire.util.ReflectionUtils.invokeMethodWithArray2(ReflectionUtils.java:208)
	at org.apache.maven.surefire.booter.ProviderFactory$ProviderProxy.invoke(ProviderFactory.java:159)
	at org.apache.maven.surefire.booter.ProviderFactory.invokeProvider(ProviderFactory.java:87)
	at org.apache.maven.surefire.booter.ForkedBooter.runSuitesInProcess(ForkedBooter.java:153)
	at org.apache.maven.surefire.booter.ForkedBooter.main(ForkedBooter.java:95)
]]>
            </full-stacktrace>
          </exception> <!-- java.lang.UnsupportedOperationException -->
          <reporter-output>
          </reporter-output>
        </test-method> <!-- unsupportedOperationTest -->
        <test-method status="PASS" signature="updateCallPattern()[pri:0, instance:org.identityconnectors.framework.impl.api.ConnectorFacadeTests@3c854dc9]" name="updateCallPattern" duration-ms="5" started-at="2013-05-31T14:43:30Z" finished-at="2013-05-31T14:43:30Z">
          <reporter-output>
          </reporter-output>
        </test-method> <!-- updateCallPattern -->
        <test-method status="PASS" signature="setup()[pri:0, instance:org.identityconnectors.framework.impl.api.ConnectorFacadeTests@3c854dc9]" name="setup" is-config="true" duration-ms="0" started-at="2013-05-31T14:43:30Z" finished-at="2013-05-31T14:43:30Z">
          <reporter-output>
          </reporter-output>
        </test-method> <!-- setup -->
        <test-method status="PASS" signature="setup()[pri:0, instance:org.identityconnectors.framework.impl.api.ConnectorFacadeTests@3c854dc9]" name="setup" is-config="true" duration-ms="0" started-at="2013-05-31T14:43:30Z" finished-at="2013-05-31T14:43:30Z">
          <reporter-output>
          </reporter-output>
        </test-method> <!-- setup -->
        <test-method status="PASS" signature="updateMergeTests()[pri:0, instance:org.identityconnectors.framework.impl.api.ConnectorFacadeTests@3c854dc9]" name="updateMergeTests" duration-ms="15" started-at="2013-05-31T14:43:30Z" finished-at="2013-05-31T14:43:30Z">
          <reporter-output>
          </reporter-output>
        </test-method> <!-- updateMergeTests -->
      </class> <!-- org.identityconnectors.framework.impl.api.ConnectorFacadeTests -->
      <class name="org.identityconnectors.framework.impl.api.local.operations.FilteredResultsHandlerTests">
        <test-method status="PASS" signature="nullProducer()[pri:0, instance:org.identityconnectors.framework.impl.api.local.operations.FilteredResultsHandlerTests@25a6cc45]" name="nullProducer" duration-ms="1" started-at="2013-05-31T14:44:13Z" finished-at="2013-05-31T14:44:13Z">
          <exception class="java.lang.IllegalArgumentException">
            <message>
              <![CDATA[Handler must not be null!]]>
            </message>
            <full-stacktrace>
              <![CDATA[java.lang.IllegalArgumentException: Handler must not be null!
	at org.identityconnectors.framework.impl.api.local.operations.FilteredResultsHandler.<init>(FilteredResultsHandler.java:51)
	at org.identityconnectors.framework.impl.api.local.operations.FilteredResultsHandlerTests.nullProducer(FilteredResultsHandlerTests.java:103)
	at sun.reflect.NativeMethodAccessorImpl.invoke0(Native Method)
	at sun.reflect.NativeMethodAccessorImpl.invoke(NativeMethodAccessorImpl.java:57)
	at sun.reflect.DelegatingMethodAccessorImpl.invoke(DelegatingMethodAccessorImpl.java:43)
	at java.lang.reflect.Method.invoke(Method.java:601)
	at org.testng.internal.MethodInvocationHelper.invokeMethod(MethodInvocationHelper.java:84)
	at org.testng.internal.Invoker.invokeMethod(Invoker.java:714)
	at org.testng.internal.Invoker.invokeTestMethod(Invoker.java:901)
	at org.testng.internal.Invoker.invokeTestMethods(Invoker.java:1231)
	at org.testng.internal.TestMethodWorker.invokeTestMethods(TestMethodWorker.java:127)
	at org.testng.internal.TestMethodWorker.run(TestMethodWorker.java:111)
	at org.testng.TestRunner.privateRun(TestRunner.java:767)
	at org.testng.TestRunner.run(TestRunner.java:617)
	at org.testng.SuiteRunner.runTest(SuiteRunner.java:334)
	at org.testng.SuiteRunner.runSequentially(SuiteRunner.java:329)
	at org.testng.SuiteRunner.privateRun(SuiteRunner.java:291)
	at org.testng.SuiteRunner.run(SuiteRunner.java:240)
	at org.testng.SuiteRunnerWorker.runSuite(SuiteRunnerWorker.java:52)
	at org.testng.SuiteRunnerWorker.run(SuiteRunnerWorker.java:86)
	at org.testng.TestNG.runSuitesSequentially(TestNG.java:1224)
	at org.testng.TestNG.runSuitesLocally(TestNG.java:1149)
	at org.testng.TestNG.run(TestNG.java:1057)
	at org.apache.maven.surefire.testng.TestNGExecutor.run(TestNGExecutor.java:77)
	at org.apache.maven.surefire.testng.TestNGDirectoryTestSuite.executeMulti(TestNGDirectoryTestSuite.java:189)
	at org.apache.maven.surefire.testng.TestNGDirectoryTestSuite.execute(TestNGDirectoryTestSuite.java:105)
	at org.apache.maven.surefire.testng.TestNGProvider.invoke(TestNGProvider.java:117)
	at sun.reflect.NativeMethodAccessorImpl.invoke0(Native Method)
	at sun.reflect.NativeMethodAccessorImpl.invoke(NativeMethodAccessorImpl.java:57)
	at sun.reflect.DelegatingMethodAccessorImpl.invoke(DelegatingMethodAccessorImpl.java:43)
	at java.lang.reflect.Method.invoke(Method.java:601)
	at org.apache.maven.surefire.util.ReflectionUtils.invokeMethodWithArray2(ReflectionUtils.java:208)
	at org.apache.maven.surefire.booter.ProviderFactory$ProviderProxy.invoke(ProviderFactory.java:159)
	at org.apache.maven.surefire.booter.ProviderFactory.invokeProvider(ProviderFactory.java:87)
	at org.apache.maven.surefire.booter.ForkedBooter.runSuitesInProcess(ForkedBooter.java:153)
	at org.apache.maven.surefire.booter.ForkedBooter.main(ForkedBooter.java:95)
]]>
            </full-stacktrace>
          </exception> <!-- java.lang.IllegalArgumentException -->
          <reporter-output>
          </reporter-output>
        </test-method> <!-- nullProducer -->
        <test-method status="PASS" signature="withNullFilter()[pri:0, instance:org.identityconnectors.framework.impl.api.local.operations.FilteredResultsHandlerTests@25a6cc45]" name="withNullFilter" duration-ms="10" started-at="2013-05-31T14:44:13Z" finished-at="2013-05-31T14:44:13Z">
          <reporter-output>
          </reporter-output>
        </test-method> <!-- withNullFilter -->
        <test-method status="PASS" signature="withPassThruFilter()[pri:0, instance:org.identityconnectors.framework.impl.api.local.operations.FilteredResultsHandlerTests@25a6cc45]" name="withPassThruFilter" duration-ms="7" started-at="2013-05-31T14:44:13Z" finished-at="2013-05-31T14:44:13Z">
          <reporter-output>
          </reporter-output>
        </test-method> <!-- withPassThruFilter -->
        <test-method status="PASS" signature="withRangeFilter()[pri:0, instance:org.identityconnectors.framework.impl.api.local.operations.FilteredResultsHandlerTests@25a6cc45]" name="withRangeFilter" duration-ms="5" started-at="2013-05-31T14:44:13Z" finished-at="2013-05-31T14:44:13Z">
          <reporter-output>
          </reporter-output>
        </test-method> <!-- withRangeFilter -->
      </class> <!-- org.identityconnectors.framework.impl.api.local.operations.FilteredResultsHandlerTests -->
      <class name="org.identityconnectors.framework.impl.api.local.operations.SearchImplTests">
        <test-method status="PASS" signature="testAttrsToGetQuery()[pri:0, instance:org.identityconnectors.framework.impl.api.local.operations.SearchImplTests@548dacbb]" name="testAttrsToGetQuery" duration-ms="4" started-at="2013-05-31T14:44:24Z" finished-at="2013-05-31T14:44:24Z">
          <reporter-output>
          </reporter-output>
        </test-method> <!-- testAttrsToGetQuery -->
        <test-method status="PASS" signature="testEliminateDups()[pri:0, instance:org.identityconnectors.framework.impl.api.local.operations.SearchImplTests@548dacbb]" name="testEliminateDups" duration-ms="6" started-at="2013-05-31T14:44:24Z" finished-at="2013-05-31T14:44:24Z">
          <reporter-output>
          </reporter-output>
        </test-method> <!-- testEliminateDups -->
      </class> <!-- org.identityconnectors.framework.impl.api.local.operations.SearchImplTests -->
      <class name="org.identityconnectors.framework.impl.serializer.ObjectSerializationTests">
        <test-method status="PASS" signature="testAPIConfiguration()[pri:0, instance:org.identityconnectors.framework.impl.serializer.ObjectSerializationTests@32fac7c5]" name="testAPIConfiguration" duration-ms="0" started-at="2013-05-31T14:44:22Z" finished-at="2013-05-31T14:44:22Z">
          <reporter-output>
          </reporter-output>
        </test-method> <!-- testAPIConfiguration -->
        <test-method status="PASS" signature="testAttribute()[pri:0, instance:org.identityconnectors.framework.impl.serializer.ObjectSerializationTests@32fac7c5]" name="testAttribute" duration-ms="1" started-at="2013-05-31T14:44:22Z" finished-at="2013-05-31T14:44:22Z">
          <reporter-output>
          </reporter-output>
        </test-method> <!-- testAttribute -->
        <test-method status="PASS" signature="testAndFilter()[pri:0, instance:org.identityconnectors.framework.impl.serializer.ObjectSerializationTests@32fac7c5]" name="testAndFilter" duration-ms="0" started-at="2013-05-31T14:44:22Z" finished-at="2013-05-31T14:44:22Z">
          <reporter-output>
          </reporter-output>
        </test-method> <!-- testAndFilter -->
        <test-method status="PASS" signature="testArrays()[pri:0, instance:org.identityconnectors.framework.impl.serializer.ObjectSerializationTests@32fac7c5]" name="testArrays" duration-ms="0" started-at="2013-05-31T14:44:22Z" finished-at="2013-05-31T14:44:22Z">
          <reporter-output>
          </reporter-output>
        </test-method> <!-- testArrays -->
        <test-method status="PASS" signature="testAttributeInfo()[pri:0, instance:org.identityconnectors.framework.impl.serializer.ObjectSerializationTests@32fac7c5]" name="testAttributeInfo" duration-ms="1" started-at="2013-05-31T14:44:22Z" finished-at="2013-05-31T14:44:22Z">
          <reporter-output>
          </reporter-output>
        </test-method> <!-- testAttributeInfo -->
        <test-method status="PASS" signature="testBigDecimal()[pri:0, instance:org.identityconnectors.framework.impl.serializer.ObjectSerializationTests@32fac7c5]" name="testBigDecimal" duration-ms="0" started-at="2013-05-31T14:44:22Z" finished-at="2013-05-31T14:44:22Z">
          <reporter-output>
          </reporter-output>
        </test-method> <!-- testBigDecimal -->
[...]
          <reporter-output>
          </reporter-output>
        </test-method> <!-- testObjectClassInfo -->
        <test-method status="PASS" signature="testOperationOptionInfo()[pri:0, instance:org.identityconnectors.framework.impl.serializer.XmlSerializationTests@2147545b]" name="testOperationOptionInfo" duration-ms="7" started-at="2013-05-31T14:44:24Z" finished-at="2013-05-31T14:44:24Z">
          <reporter-output>
          </reporter-output>
        </test-method> <!-- testOperationOptionInfo -->
        <test-method status="PASS" signature="testOperationOptions()[pri:0, instance:org.identityconnectors.framework.impl.serializer.XmlSerializationTests@2147545b]" name="testOperationOptions" duration-ms="11" started-at="2013-05-31T14:44:24Z" finished-at="2013-05-31T14:44:24Z">
          <reporter-output>
          </reporter-output>
        </test-method> <!-- testOperationOptions -->
        <test-method status="PASS" signature="testOperationRequest()[pri:0, instance:org.identityconnectors.framework.impl.serializer.XmlSerializationTests@2147545b]" name="testOperationRequest" duration-ms="11" started-at="2013-05-31T14:44:24Z" finished-at="2013-05-31T14:44:24Z">
          <reporter-output>
          </reporter-output>
        </test-method> <!-- testOperationRequest -->
        <test-method status="PASS" signature="testOperationRequestMoreData()[pri:0, instance:org.identityconnectors.framework.impl.serializer.XmlSerializationTests@2147545b]" name="testOperationRequestMoreData" duration-ms="7" started-at="2013-05-31T14:44:24Z" finished-at="2013-05-31T14:44:24Z">
          <reporter-output>
          </reporter-output>
        </test-method> <!-- testOperationRequestMoreData -->
        <test-method status="PASS" signature="testOperationRequestStopData()[pri:0, instance:org.identityconnectors.framework.impl.serializer.XmlSerializationTests@2147545b]" name="testOperationRequestStopData" duration-ms="7" started-at="2013-05-31T14:44:24Z" finished-at="2013-05-31T14:44:24Z">
          <reporter-output>
          </reporter-output>
        </test-method> <!-- testOperationRequestStopData -->
        <test-method status="PASS" signature="testOperationResponseEnd()[pri:0, instance:org.identityconnectors.framework.impl.serializer.XmlSerializationTests@2147545b]" name="testOperationResponseEnd" duration-ms="8" started-at="2013-05-31T14:44:24Z" finished-at="2013-05-31T14:44:24Z">
          <reporter-output>
          </reporter-output>
        </test-method> <!-- testOperationResponseEnd -->
        <test-method status="PASS" signature="testOperationResponsePart()[pri:0, instance:org.identityconnectors.framework.impl.serializer.XmlSerializationTests@2147545b]" name="testOperationResponsePart" duration-ms="8" started-at="2013-05-31T14:44:24Z" finished-at="2013-05-31T14:44:24Z">
          <reporter-output>
          </reporter-output>
        </test-method> <!-- testOperationResponsePart -->
        <test-method status="PASS" signature="testOperationResponsePause()[pri:0, instance:org.identityconnectors.framework.impl.serializer.XmlSerializationTests@2147545b]" name="testOperationResponsePause" duration-ms="7" started-at="2013-05-31T14:44:24Z" finished-at="2013-05-31T14:44:24Z">
          <reporter-output>
          </reporter-output>
        </test-method> <!-- testOperationResponsePause -->
        <test-method status="PASS" signature="testOrFilter()[pri:0, instance:org.identityconnectors.framework.impl.serializer.XmlSerializationTests@2147545b]" name="testOrFilter" duration-ms="10" started-at="2013-05-31T14:44:24Z" finished-at="2013-05-31T14:44:24Z">
          <reporter-output>
          </reporter-output>
        </test-method> <!-- testOrFilter -->
        <test-method status="PASS" signature="testQualifiedUid()[pri:0, instance:org.identityconnectors.framework.impl.serializer.XmlSerializationTests@2147545b]" name="testQualifiedUid" duration-ms="7" started-at="2013-05-31T14:44:24Z" finished-at="2013-05-31T14:44:24Z">
          <reporter-output>
          </reporter-output>
        </test-method> <!-- testQualifiedUid -->
        <test-method status="PASS" signature="testRemoteConnectorInfo()[pri:0, instance:org.identityconnectors.framework.impl.serializer.XmlSerializationTests@2147545b]" name="testRemoteConnectorInfo" duration-ms="9" started-at="2013-05-31T14:44:24Z" finished-at="2013-05-31T14:44:24Z">
          <reporter-output>
          </reporter-output>
        </test-method> <!-- testRemoteConnectorInfo -->
        <test-method status="PASS" signature="testSchema()[pri:0, instance:org.identityconnectors.framework.impl.serializer.XmlSerializationTests@2147545b]" name="testSchema" duration-ms="9" started-at="2013-05-31T14:44:24Z" finished-at="2013-05-31T14:44:24Z">
          <reporter-output>
          </reporter-output>
        </test-method> <!-- testSchema -->
        <test-method status="PASS" signature="testScript()[pri:0, instance:org.identityconnectors.framework.impl.serializer.XmlSerializationTests@2147545b]" name="testScript" duration-ms="5" started-at="2013-05-31T14:44:24Z" finished-at="2013-05-31T14:44:24Z">
          <reporter-output>
          </reporter-output>
        </test-method> <!-- testScript -->
        <test-method status="PASS" signature="testScriptContext()[pri:0, instance:org.identityconnectors.framework.impl.serializer.XmlSerializationTests@2147545b]" name="testScriptContext" duration-ms="7" started-at="2013-05-31T14:44:24Z" finished-at="2013-05-31T14:44:24Z">
          <reporter-output>
          </reporter-output>
        </test-method> <!-- testScriptContext -->
        <test-method status="PASS" signature="testSet()[pri:0, instance:org.identityconnectors.framework.impl.serializer.XmlSerializationTests@2147545b]" name="testSet" duration-ms="5" started-at="2013-05-31T14:44:24Z" finished-at="2013-05-31T14:44:24Z">
          <reporter-output>
          </reporter-output>
        </test-method> <!-- testSet -->
        <test-method status="PASS" signature="testStartsWithFilter()[pri:0, instance:org.identityconnectors.framework.impl.serializer.XmlSerializationTests@2147545b]" name="testStartsWithFilter" duration-ms="6" started-at="2013-05-31T14:44:24Z" finished-at="2013-05-31T14:44:24Z">
          <reporter-output>
          </reporter-output>
        </test-method> <!-- testStartsWithFilter -->
        <test-method status="PASS" signature="testString()[pri:0, instance:org.identityconnectors.framework.impl.serializer.XmlSerializationTests@2147545b]" name="testString" duration-ms="5" started-at="2013-05-31T14:44:24Z" finished-at="2013-05-31T14:44:24Z">
          <reporter-output>
          </reporter-output>
        </test-method> <!-- testString -->
        <test-method status="PASS" signature="testSyncDelta()[pri:0, instance:org.identityconnectors.framework.impl.serializer.XmlSerializationTests@2147545b]" name="testSyncDelta" duration-ms="7" started-at="2013-05-31T14:44:24Z" finished-at="2013-05-31T14:44:24Z">
          <reporter-output>
          </reporter-output>
        </test-method> <!-- testSyncDelta -->
        <test-method status="PASS" signature="testSyncDeltaType()[pri:0, instance:org.identityconnectors.framework.impl.serializer.XmlSerializationTests@2147545b]" name="testSyncDeltaType" duration-ms="5" started-at="2013-05-31T14:44:24Z" finished-at="2013-05-31T14:44:24Z">
          <reporter-output>
          </reporter-output>
        </test-method> <!-- testSyncDeltaType -->
        <test-method status="PASS" signature="testSyncToken()[pri:0, instance:org.identityconnectors.framework.impl.serializer.XmlSerializationTests@2147545b]" name="testSyncToken" duration-ms="5" started-at="2013-05-31T14:44:24Z" finished-at="2013-05-31T14:44:24Z">
          <reporter-output>
          </reporter-output>
        </test-method> <!-- testSyncToken -->
        <test-method status="PASS" signature="testURI()[pri:0, instance:org.identityconnectors.framework.impl.serializer.XmlSerializationTests@2147545b]" name="testURI" duration-ms="4" started-at="2013-05-31T14:44:24Z" finished-at="2013-05-31T14:44:24Z">
          <reporter-output>
          </reporter-output>
        </test-method> <!-- testURI -->
        <test-method status="PASS" signature="testUid()[pri:0, instance:org.identityconnectors.framework.impl.serializer.XmlSerializationTests@2147545b]" name="testUid" duration-ms="5" started-at="2013-05-31T14:44:24Z" finished-at="2013-05-31T14:44:24Z">
          <reporter-output>
          </reporter-output>
        </test-method> <!-- testUid -->
        <test-method status="PASS" signature="testMultiObject()[pri:0, instance:org.identityconnectors.framework.impl.serializer.XmlSerializationTests@2147545b]" name="testMultiObject" duration-ms="9" started-at="2013-05-31T14:44:24Z" finished-at="2013-05-31T14:44:24Z">
          <reporter-output>
          </reporter-output>
        </test-method> <!-- testMultiObject -->
      </class> <!-- org.identityconnectors.framework.impl.serializer.XmlSerializationTests -->
      <class name="org.identityconnectors.framework.impl.api.RemoteConnectorInfoManagerClearTests">
        <test-method status="PASS" signature="before()[pri:0, instance:org.identityconnectors.framework.impl.api.RemoteConnectorInfoManagerClearTests@54054c41]" name="before" is-config="true" duration-ms="1" started-at="2013-05-31T14:43:30Z" finished-at="2013-05-31T14:43:30Z">
          <reporter-output>
          </reporter-output>
        </test-method> <!-- before -->
        <test-method status="PASS" signature="testAPIConfiguration()[pri:0, instance:org.identityconnectors.framework.impl.api.RemoteConnectorInfoManagerClearTests@54054c41]" name="testAPIConfiguration" duration-ms="110" started-at="2013-05-31T14:43:30Z" finished-at="2013-05-31T14:43:30Z">
          <reporter-output>
          </reporter-output>
        </test-method> <!-- testAPIConfiguration -->
        <test-method status="PASS" signature="before()[pri:0, instance:org.identityconnectors.framework.impl.api.RemoteConnectorInfoManagerClearTests@54054c41]" name="before" is-config="true" duration-ms="1" started-at="2013-05-31T14:43:30Z" finished-at="2013-05-31T14:43:30Z">
          <reporter-output>
          </reporter-output>
        </test-method> <!-- before -->
        <test-method status="PASS" signature="testClassLoading()[pri:0, instance:org.identityconnectors.framework.impl.api.RemoteConnectorInfoManagerClearTests@54054c41]" name="testClassLoading" duration-ms="46" started-at="2013-05-31T14:43:30Z" finished-at="2013-05-31T14:43:30Z">
          <reporter-output>
          </reporter-output>
        </test-method> <!-- testClassLoading -->
        <test-method status="PASS" signature="testConnectionPooling()[pri:0, instance:org.identityconnectors.framework.impl.api.RemoteConnectorInfoManagerClearTests@54054c41]" name="testConnectionPooling" duration-ms="144" started-at="2013-05-31T14:43:30Z" finished-at="2013-05-31T14:43:31Z">
          <reporter-output>
          </reporter-output>
        </test-method> <!-- testConnectionPooling -->
        <test-method status="PASS" signature="before()[pri:0, instance:org.identityconnectors.framework.impl.api.RemoteConnectorInfoManagerClearTests@54054c41]" name="before" is-config="true" duration-ms="0" started-at="2013-05-31T14:43:30Z" finished-at="2013-05-31T14:43:30Z">
          <reporter-output>
          </reporter-output>
        </test-method> <!-- before -->
        <test-method status="PASS" signature="testNativeLibraries()[pri:0, instance:org.identityconnectors.framework.impl.api.RemoteConnectorInfoManagerClearTests@54054c41]" name="testNativeLibraries" duration-ms="16" started-at="2013-05-31T14:43:31Z" finished-at="2013-05-31T14:43:31Z">
          <reporter-output>
          </reporter-output>
        </test-method> <!-- testNativeLibraries -->
        <test-method status="PASS" signature="before()[pri:0, instance:org.identityconnectors.framework.impl.api.RemoteConnectorInfoManagerClearTests@54054c41]" name="before" is-config="true" duration-ms="0" started-at="2013-05-31T14:43:31Z" finished-at="2013-05-31T14:43:31Z">
          <reporter-output>
          </reporter-output>
        </test-method> <!-- before -->
        <test-method status="PASS" signature="before()[pri:0, instance:org.identityconnectors.framework.impl.api.RemoteConnectorInfoManagerClearTests@54054c41]" name="before" is-config="true" duration-ms="1" started-at="2013-05-31T14:43:31Z" finished-at="2013-05-31T14:43:31Z">
          <reporter-output>
          </reporter-output>
        </test-method> <!-- before -->
        <test-method status="PASS" signature="testScripting()[pri:0, instance:org.identityconnectors.framework.impl.api.RemoteConnectorInfoManagerClearTests@54054c41]" name="testScripting" duration-ms="138" started-at="2013-05-31T14:43:31Z" finished-at="2013-05-31T14:43:31Z">
          <reporter-output>
          </reporter-output>
        </test-method> <!-- testScripting -->
        <test-method status="PASS" signature="before()[pri:0, instance:org.identityconnectors.framework.impl.api.RemoteConnectorInfoManagerClearTests@54054c41]" name="before" is-config="true" duration-ms="1" started-at="2013-05-31T14:43:31Z" finished-at="2013-05-31T14:43:31Z">
          <reporter-output>
          </reporter-output>
        </test-method> <!-- before -->
        <test-method status="PASS" signature="testSearchStress()[pri:0, instance:org.identityconnectors.framework.impl.api.RemoteConnectorInfoManagerClearTests@54054c41]" name="testSearchStress" duration-ms="6255" started-at="2013-05-31T14:43:31Z" finished-at="2013-05-31T14:43:37Z">
          <reporter-output>
          </reporter-output>
        </test-method> <!-- testSearchStress -->
        <test-method status="PASS" signature="before()[pri:0, instance:org.identityconnectors.framework.impl.api.RemoteConnectorInfoManagerClearTests@54054c41]" name="before" is-config="true" duration-ms="1" started-at="2013-05-31T14:43:37Z" finished-at="2013-05-31T14:43:37Z">
          <reporter-output>
          </reporter-output>
        </test-method> <!-- before -->
        <test-method status="PASS" signature="testSearchWithManyResults()[pri:0, instance:org.identityconnectors.framework.impl.api.RemoteConnectorInfoManagerClearTests@54054c41]" name="testSearchWithManyResults" duration-ms="890" started-at="2013-05-31T14:43:37Z" finished-at="2013-05-31T14:43:38Z">
          <reporter-output>
          </reporter-output>
        </test-method> <!-- testSearchWithManyResults -->
        <test-method status="PASS" signature="before()[pri:0, instance:org.identityconnectors.framework.impl.api.RemoteConnectorInfoManagerClearTests@54054c41]" name="before" is-config="true" duration-ms="0" started-at="2013-05-31T14:43:38Z" finished-at="2013-05-31T14:43:38Z">
          <reporter-output>
          </reporter-output>
        </test-method> <!-- before -->
        <test-method status="PASS" signature="testSyncWithManyResults()[pri:0, instance:org.identityconnectors.framework.impl.api.RemoteConnectorInfoManagerClearTests@54054c41]" name="testSyncWithManyResults" duration-ms="416" started-at="2013-05-31T14:43:38Z" finished-at="2013-05-31T14:43:38Z">
          <reporter-output>
          </reporter-output>
        </test-method> <!-- testSyncWithManyResults -->
        <test-method status="PASS" signature="before()[pri:0, instance:org.identityconnectors.framework.impl.api.RemoteConnectorInfoManagerClearTests@54054c41]" name="before" is-config="true" duration-ms="0" started-at="2013-05-31T14:43:38Z" finished-at="2013-05-31T14:43:38Z">
          <reporter-output>
          </reporter-output>
        </test-method> <!-- before -->
        <test-method status="PASS" signature="testTimeout()[pri:0, instance:org.identityconnectors.framework.impl.api.RemoteConnectorInfoManagerClearTests@54054c41]" name="testTimeout" duration-ms="10015" started-at="2013-05-31T14:43:38Z" finished-at="2013-05-31T14:43:48Z">
          <reporter-output>
          </reporter-output>
        </test-method> <!-- testTimeout -->
        <test-method status="PASS" signature="before()[pri:0, instance:org.identityconnectors.framework.impl.api.RemoteConnectorInfoManagerClearTests@54054c41]" name="before" is-config="true" duration-ms="0" started-at="2013-05-31T14:43:48Z" finished-at="2013-05-31T14:43:48Z">
          <reporter-output>
          </reporter-output>
        </test-method> <!-- before -->
        <test-method status="PASS" signature="testValidate()[pri:0, instance:org.identityconnectors.framework.impl.api.RemoteConnectorInfoManagerClearTests@54054c41]" name="testValidate" duration-ms="35" started-at="2013-05-31T14:43:48Z" finished-at="2013-05-31T14:43:48Z">
          <reporter-output>
          </reporter-output>
        </test-method> <!-- testValidate -->
        <test-method status="PASS" signature="testRemoteHelloRequest()[pri:0, instance:org.identityconnectors.framework.impl.api.RemoteConnectorInfoManagerClearTests@54054c41]" name="testRemoteHelloRequest" duration-ms="13" started-at="2013-05-31T14:43:48Z" finished-at="2013-05-31T14:43:48Z">
          <reporter-output>
          </reporter-output>
        </test-method> <!-- testRemoteHelloRequest -->
        <test-method status="PASS" signature="before()[pri:0, instance:org.identityconnectors.framework.impl.api.RemoteConnectorInfoManagerClearTests@54054c41]" name="before" is-config="true" duration-ms="0" started-at="2013-05-31T14:43:48Z" finished-at="2013-05-31T14:43:48Z">
          <reporter-output>
          </reporter-output>
        </test-method> <!-- before -->
      </class> <!-- org.identityconnectors.framework.impl.api.RemoteConnectorInfoManagerClearTests -->
      <class name="org.identityconnectors.common.logging.impl.NoOpLoggerTests">
        <test-method status="PASS" signature="falseLogger()[pri:0, instance:org.identityconnectors.common.logging.impl.NoOpLoggerTests@35b5a4ca]" name="falseLogger" duration-ms="2" started-at="2013-05-31T14:44:13Z" finished-at="2013-05-31T14:44:13Z">
          <reporter-output>
          </reporter-output>
        </test-method> <!-- falseLogger -->
      </class> <!-- org.identityconnectors.common.logging.impl.NoOpLoggerTests -->
      <class name="org.identityconnectors.common.logging.impl.JDKLoggerTests">
        <test-method status="PASS" signature="testCreateJDKLogger()[pri:0, instance:org.identityconnectors.common.logging.impl.JDKLoggerTests@51b1373d]" name="testCreateJDKLogger" duration-ms="1" started-at="2013-05-31T14:44:13Z" finished-at="2013-05-31T14:44:13Z">
          <reporter-output>
          </reporter-output>
        </test-method> <!-- testCreateJDKLogger -->
        <test-method status="PASS" signature="testIsLoggable()[pri:0, instance:org.identityconnectors.common.logging.impl.JDKLoggerTests@51b1373d]" name="testIsLoggable" duration-ms="1" started-at="2013-05-31T14:44:13Z" finished-at="2013-05-31T14:44:13Z">
          <reporter-output>
          </reporter-output>
        </test-method> <!-- testIsLoggable -->
        <test-method status="PASS" signature="testLog()[pri:0, instance:org.identityconnectors.common.logging.impl.JDKLoggerTests@51b1373d]" name="testLog" duration-ms="1" started-at="2013-05-31T14:44:13Z" finished-at="2013-05-31T14:44:13Z">
          <reporter-output>
          </reporter-output>
        </test-method> <!-- testLog -->
        <test-method status="PASS" signature="testMultithreaded()[pri:0, instance:org.identityconnectors.common.logging.impl.JDKLoggerTests@51b1373d]" name="testMultithreaded" duration-ms="25" started-at="2013-05-31T14:44:13Z" finished-at="2013-05-31T14:44:13Z">
          <reporter-output>
          </reporter-output>
        </test-method> <!-- testMultithreaded -->
      </class> <!-- org.identityconnectors.common.logging.impl.JDKLoggerTests -->
    </test> <!-- Command line test -->
  </suite> <!-- Command line suite -->
</testng-results>
