<?xml version="1.0" encoding="UTF-8"?>
<!-- Generated by org.testng.reporters.JUnitXMLReporter -->
<testsuite hostname="mogano" name="Command line test" tests="3" failures="0" timestamp="31 May 2013 12:43:11 GMT" time="0.027" errors="0">
  <testcase name="testGetProperty" time="0.012" classname="org.identityconnectors.test.common.PropertyBagTests"/>
  <testcase name="testGetPropertyWithDef" time="0.0" classname="org.identityconnectors.test.common.PropertyBagTests"/>
  <testcase name="testGetStringProperty" time="0.001" classname="org.identityconnectors.test.common.PropertyBagTests"/>
</testsuite> <!-- Command line test -->
