<?xml version="1.0" encoding="UTF-8"?>
<testng-results skipped="0" failed="0" total="1" passed="1">
  <reporter-output>
  </reporter-output>
  <suite name="org.identityconnectors.common.logging.slf4j.SLF4JLogTests" duration-ms="114" started-at="2013-05-31T12:44:28Z" finished-at="2013-05-31T12:44:28Z">
    <groups>
    </groups>
    <test name="Command line test" duration-ms="114" started-at="2013-05-31T12:44:28Z" finished-at="2013-05-31T12:44:28Z">
      <class name="org.identityconnectors.common.logging.slf4j.SLF4JLogTests">
        <test-method status="PASS" signature="testMultithreaded()[pri:0, instance:org.identityconnectors.common.logging.slf4j.SLF4JLogTests@683bf9ff]" name="testMultithreaded" duration-ms="102" started-at="2013-05-31T14:44:28Z" finished-at="2013-05-31T14:44:28Z">
          <reporter-output>
          </reporter-output>
        </test-method> <!-- testMultithreaded -->
      </class> <!-- org.identityconnectors.common.logging.slf4j.SLF4JLogTests -->
    </test> <!-- Command line test -->
  </suite> <!-- org.identityconnectors.common.logging.slf4j.SLF4JLogTests -->
</testng-results>
